do nothing
[Modelarts Service Log]user: uid=1101(work) gid=1101(work) groups=1101(work),1000(HwHiAiUser)
[Modelarts Service Log]pwd: /home/work
[Modelarts Service Log]app_url: s3://pcn/MA-pcn_npu_20210610173506-06-17-15-30/code/
[Modelarts Service Log]boot_file: code/train.py
[Modelarts Service Log]log_url: /tmp/log/MA-pcn_npu_20210610173506-06-17-15-30.log
[Modelarts Service Log]command: code/train.py --data_url=s3://pcn/pcn_dataset/pcn/ --train_url=s3://pcn/MA-pcn_npu_20210610173506-06-17-15-30/output/V0006/
[Modelarts Service Log]local_code_dir: 
[Modelarts Service Log]Training start at 2021-06-17-15:54:10
[Modelarts Service Log][modelarts_create_log] modelarts-pipe found
[ModelArts Service Log]modelarts-pipe: will create log file /tmp/log/MA-pcn_npu_20210610173506-06-17-15-30.log
[Modelarts Service Log]handle inputs of training job
INFO:root:Using MoXing-v1.17.3-8aa951bc
INFO:root:Using OBS-Python-SDK-3.20.7
[ModelArts Service Log][INFO][2021/06/17 15:54:11]: env MA_INPUTS is not found, skip the inputs handler
INFO:root:Using MoXing-v1.17.3-8aa951bc
INFO:root:Using OBS-Python-SDK-3.20.7
[ModelArts Service Log]2021-06-17 15:54:12,172 - modelarts-downloader.py[line:620] - INFO: Main: modelarts-downloader starting with Namespace(dst='./', recursive=True, skip_creating_dir=False, src='s3://pcn/MA-pcn_npu_20210610173506-06-17-15-30/code/', trace=False, type='common', verbose=False)
[Modelarts Service Log][modelarts_logger] modelarts-pipe found
[ModelArts Service Log]modelarts-pipe: will create log file /tmp/log/MA-pcn_npu_20210610173506-06-17-15-30.log
[ModelArts Service Log]modelarts-pipe: will write log file /tmp/log/MA-pcn_npu_20210610173506-06-17-15-30.log
[ModelArts Service Log]modelarts-pipe: param for max log length: 1073741824
[ModelArts Service Log]modelarts-pipe: param for whether exit on overflow: 0
[ModelArts Service Log]modelarts-pipe: total length: 24
/home/work/user-job-dir
[Modelarts Service Log][modelarts_logger] modelarts-pipe found
[ModelArts Service Log]modelarts-pipe: will create log file /tmp/log/MA-pcn_npu_20210610173506-06-17-15-30.log
INFO:root:Using MoXing-v1.17.3-8aa951bc
INFO:root:Using OBS-Python-SDK-3.20.7
[Modelarts Service Log]2021-06-17 15:54:14,176 - INFO - you are advised to use ASCEND_DEVICE_ID env instead of DEVICE_ID, as the DEVICE_ID env will be discarded in later versions
[Modelarts Service Log]2021-06-17 15:54:14,176 - INFO - particularly, ${ASCEND_DEVICE_ID} == ${DEVICE_ID}, it's the logical device id
[Modelarts Service Log]2021-06-17 15:54:14,176 - INFO - Davinci training command
[Modelarts Service Log]2021-06-17 15:54:14,176 - INFO - ['/usr/bin/python', '/home/work/user-job-dir/code/train.py', '--data_url=s3://pcn/pcn_dataset/pcn/', '--train_url=s3://pcn/MA-pcn_npu_20210610173506-06-17-15-30/output/V0006/']
[Modelarts Service Log]2021-06-17 15:54:14,177 - INFO - 
{
    "status": "completed",
    "group_count": "1",
    "group_list": [
        {
            "group_name": "job-ma-pcn-npu-202106101",
            "device_count": "1",
            "instance_count": "1",
            "instance_list": [
                {
                    "pod_name": "jobea8ef65b-job-ma-pcn-npu-202106101-0",
                    "server_id": "192.168.0.231",
                    "devices": [
                        {
                            "device_id": "1",
                            "device_ip": "192.2.208.175"
                        }
                    ]
                }
            ]
        }
    ]
}
[Modelarts Service Log]2021-06-17 15:54:14,177 - INFO - Rank table file (C7x)
[Modelarts Service Log]2021-06-17 15:54:14,177 - INFO - 
{
    "status": "completed",
    "version": "1.0",
    "server_count": "1",
    "server_list": [
        {
            "server_id": "192.168.0.231",
            "device": [
                {
                    "device_id": "1",
                    "device_ip": "192.2.208.175",
                    "rank_id": "0"
                }
            ]
        }
    ]
}
[Modelarts Service Log]2021-06-17 15:54:14,178 - INFO - Rank table file (C7x) is generated
[Modelarts Service Log]2021-06-17 15:54:14,178 - INFO - Current server
[Modelarts Service Log]2021-06-17 15:54:14,178 - INFO - 
{
    "server_id": "192.168.0.231",
    "device": [
        {
            "device_id": "1",
            "device_ip": "192.2.208.175",
            "rank_id": "0"
        }
    ]
}
[Modelarts Service Log]2021-06-17 15:54:14,179 - INFO - bootstrap proc-rank-0-device-0
[Modelarts Service Log]2021-06-17 15:54:14,187 - INFO - proc-rank-0-device-0 (pid: 115)
Usage:   
  pip <command> [options]
no such option: -y
Usage:   
  pip <command> [options]
no such option: -y
WARNING:tensorflow:From /usr/local/Ascend/tfplugin/latest/tfplugin/python/site-packages/npu_bridge/estimator/npu/npu_optimizer.py:225: The name tf.train.Optimizer is deprecated. Please use tf.compat.v1.train.Optimizer instead.
Traceback (most recent call last):
  File "/home/work/user-job-dir/code/train.py", line 35, in <module>
    from data_util import lmdb_dataflow, get_queued_data
  File "/cache/user-job-dir/code/data_util.py", line 29, in <module>
    from tensorpack import dataflow
ModuleNotFoundError: No module named 'tensorpack'
[Modelarts Service Log]2021-06-17 15:54:21,201 - ERROR - proc-rank-0-device-0 (pid: 115) has exited with non-zero code: 1
[Modelarts Service Log]2021-06-17 15:54:21,201 - INFO - Begin destroy training processes
[Modelarts Service Log]2021-06-17 15:54:21,201 - INFO - proc-rank-0-device-0 (pid: 115) has exited
[Modelarts Service Log]2021-06-17 15:54:21,201 - INFO - End destroy training processes
[ModelArts Service Log]modelarts-pipe: total length: 3957
[Modelarts Service Log]Training end with return code: 1
[Modelarts Service Log]upload ascend-log to s3://pcn/MA-pcn_npu_20210610173506-06-17-15-30/log/ascend-log/ at 2021-06-17-15:54:21
upload_tail_log.py -l 2048 -o s3://pcn/MA-pcn_npu_20210610173506-06-17-15-30/log/ascend-log/
[Modelarts Service Log]upload ascend-log end at 2021-06-17-15:54:22
[Modelarts Service Log]Training end at 2021-06-17-15:54:22
[Modelarts Service Log]Training completed.
