do nothing
[Modelarts Service Log]user: uid=1101(work) gid=1101(work) groups=1101(work),1000(HwHiAiUser)
[Modelarts Service Log]pwd: /home/work
[Modelarts Service Log]app_url: s3://pcn/MA-pcn_npu_20210610173506-06-17-15-30/code/
[Modelarts Service Log]boot_file: code/train.py
[Modelarts Service Log]log_url: /tmp/log/MA-pcn_npu_20210610173506-06-17-15-30.log
[Modelarts Service Log]command: code/train.py --data_url=s3://pcn/pcn_dataset/pcn/ --train_url=s3://pcn/MA-pcn_npu_20210610173506-06-17-15-30/output/V0033/
[Modelarts Service Log]local_code_dir: 
[Modelarts Service Log]Training start at 2021-07-14-23:10:30
[Modelarts Service Log][modelarts_create_log] modelarts-pipe found
[ModelArts Service Log]modelarts-pipe: will create log file /tmp/log/MA-pcn_npu_20210610173506-06-17-15-30.log
[Modelarts Service Log]handle inputs of training job
INFO:root:Using MoXing-v1.17.3-8aa951bc
INFO:root:Using OBS-Python-SDK-3.20.7
[ModelArts Service Log][INFO][2021/07/14 23:10:31]: env MA_INPUTS is not found, skip the inputs handler
INFO:root:Using MoXing-v1.17.3-8aa951bc
INFO:root:Using OBS-Python-SDK-3.20.7
[ModelArts Service Log]2021-07-14 23:10:31,968 - modelarts-downloader.py[line:620] - INFO: Main: modelarts-downloader starting with Namespace(dst='./', recursive=True, skip_creating_dir=False, src='s3://pcn/MA-pcn_npu_20210610173506-06-17-15-30/code/', trace=False, type='common', verbose=False)
[Modelarts Service Log][modelarts_logger] modelarts-pipe found
[ModelArts Service Log]modelarts-pipe: will create log file /tmp/log/MA-pcn_npu_20210610173506-06-17-15-30.log
/home/work/user-job-dir
[ModelArts Service Log]modelarts-pipe: will write log file /tmp/log/MA-pcn_npu_20210610173506-06-17-15-30.log
[ModelArts Service Log]modelarts-pipe: param for max log length: 1073741824
[ModelArts Service Log]modelarts-pipe: param for whether exit on overflow: 0
[ModelArts Service Log]modelarts-pipe: total length: 24
[Modelarts Service Log][modelarts_logger] modelarts-pipe found
[ModelArts Service Log]modelarts-pipe: will create log file /tmp/log/MA-pcn_npu_20210610173506-06-17-15-30.log
[ModelArts Service Log]modelarts-pipe: will write log file /tmp/log/MA-pcn_npu_20210610173506-06-17-15-30.log
[ModelArts Service Log]modelarts-pipe: param for max log length: 1073741824
[ModelArts Service Log]modelarts-pipe: param for whether exit on overflow: 0
INFO:root:Using MoXing-v1.17.3-8aa951bc
INFO:root:Using OBS-Python-SDK-3.20.7
[Modelarts Service Log]2021-07-14 23:10:33,644 - WARNING - stdout log /var/log/batch-task/jobda0888f3/job-ma-pcn-npu-202106101/stdout.log is not found
[Modelarts Service Log]2021-07-14 23:10:33,653 - INFO - Ascend Driver: Version=20.2.0
[Modelarts Service Log]2021-07-14 23:10:33,654 - INFO - you are advised to use ASCEND_DEVICE_ID env instead of DEVICE_ID, as the DEVICE_ID env will be discarded in later versions
[Modelarts Service Log]2021-07-14 23:10:33,654 - INFO - particularly, ${ASCEND_DEVICE_ID} == ${DEVICE_ID}, it's the logical device id
[Modelarts Service Log]2021-07-14 23:10:33,654 - INFO - Davinci training command
[Modelarts Service Log]2021-07-14 23:10:33,654 - INFO - ['/usr/bin/python', '/home/work/user-job-dir/code/train.py', '--data_url=s3://pcn/pcn_dataset/pcn/', '--train_url=s3://pcn/MA-pcn_npu_20210610173506-06-17-15-30/output/V0033/']
[Modelarts Service Log]2021-07-14 23:10:33,654 - INFO - Wait for Rank table file ready
[Modelarts Service Log]2021-07-14 23:10:33,655 - INFO - Rank table file (K8S generated) is ready for read
[Modelarts Service Log]2021-07-14 23:10:33,655 - INFO - 
{
    "status": "completed",
    "group_count": "1",
    "group_list": [
        {
            "group_name": "job-ma-pcn-npu-202106101",
            "device_count": "1",
            "instance_count": "1",
            "instance_list": [
                {
                    "pod_name": "jobda0888f3-job-ma-pcn-npu-202106101-0",
                    "server_id": "192.168.0.136",
                    "devices": [
                        {
                            "device_id": "6",
                            "device_ip": "192.3.179.125"
                        }
                    ]
                }
            ]
        }
    ]
}
[Modelarts Service Log]2021-07-14 23:10:33,655 - INFO - Rank table file (C7x)
[Modelarts Service Log]2021-07-14 23:10:33,655 - INFO - 
{
    "status": "completed",
    "version": "1.0",
    "server_count": "1",
    "server_list": [
        {
            "server_id": "192.168.0.136",
            "device": [
                {
                    "device_id": "6",
                    "device_ip": "192.3.179.125",
                    "rank_id": "0"
                }
            ]
        }
    ]
}
[Modelarts Service Log]2021-07-14 23:10:33,656 - INFO - Rank table file (C7x) is generated
[Modelarts Service Log]2021-07-14 23:10:33,656 - INFO - Current server
[Modelarts Service Log]2021-07-14 23:10:33,657 - INFO - 
{
    "server_id": "192.168.0.136",
    "device": [
        {
            "device_id": "6",
            "device_ip": "192.3.179.125",
            "rank_id": "0"
        }
    ]
}
[Modelarts Service Log]2021-07-14 23:10:33,657 - INFO - bootstrap proc-rank-0-device-0
[Modelarts Service Log]2021-07-14 23:10:33,665 - INFO - proc-rank-0-device-0 (pid: 115)
Uninstalling enum34-1.1.10:
  Successfully uninstalled enum34-1.1.10
sh: conda: command not found
Looking in indexes: http://repo.myhuaweicloud.com/repository/pypi/simple
Collecting pyarrow==0.10.0
  Downloading http://repo.myhuaweicloud.com/repository/pypi/packages/c0/a0/f7e9dfd8988d94f4952f9b50eb04e14a80fbe39218520725aab53daab57c/pyarrow-0.10.0.tar.gz (2.1MB)
