do nothing
[Modelarts Service Log]user: uid=1101(work) gid=1101(work) groups=1101(work),1000(HwHiAiUser)
[Modelarts Service Log]pwd: /home/work
[Modelarts Service Log]app_url: s3://pcn/MA-pcn_npu_20210610173506-06-17-15-30/code/
[Modelarts Service Log]boot_file: code/train.py
[Modelarts Service Log]log_url: /tmp/log/MA-pcn_npu_20210610173506-06-17-15-30.log
[Modelarts Service Log]command: code/train.py --data_url=s3://pcn/pcn_dataset/pcn/ --train_url=s3://pcn/MA-pcn_npu_20210610173506-06-17-15-30/output/V0060/
[Modelarts Service Log]local_code_dir: 
[Modelarts Service Log]Training start at 2021-07-18-10:50:33
[Modelarts Service Log][modelarts_create_log] modelarts-pipe found
[ModelArts Service Log]modelarts-pipe: will create log file /tmp/log/MA-pcn_npu_20210610173506-06-17-15-30.log
[Modelarts Service Log]handle inputs of training job
INFO:root:Using MoXing-v1.17.3-8aa951bc
INFO:root:Using OBS-Python-SDK-3.20.7
[ModelArts Service Log][INFO][2021/07/18 10:50:34]: env MA_INPUTS is not found, skip the inputs handler
INFO:root:Using MoXing-v1.17.3-8aa951bc
INFO:root:Using OBS-Python-SDK-3.20.7
[ModelArts Service Log]2021-07-18 10:50:34,911 - modelarts-downloader.py[line:620] - INFO: Main: modelarts-downloader starting with Namespace(dst='./', recursive=True, skip_creating_dir=False, src='s3://pcn/MA-pcn_npu_20210610173506-06-17-15-30/code/', trace=False, type='common', verbose=False)
[Modelarts Service Log][modelarts_logger] modelarts-pipe found
[ModelArts Service Log]modelarts-pipe: will create log file /tmp/log/MA-pcn_npu_20210610173506-06-17-15-30.log
[ModelArts Service Log]modelarts-pipe: will write log file /tmp/log/MA-pcn_npu_20210610173506-06-17-15-30.log
[ModelArts Service Log]modelarts-pipe: param for max log length: 1073741824
[ModelArts Service Log]modelarts-pipe: param for whether exit on overflow: 0
[Modelarts Service Log][INFO] exec pip install
Looking in indexes: http://repo.myhuaweicloud.com/repository/pypi/simple
[ModelArts Service Log]modelarts-pipe: total length: 144
[Modelarts Service Log][modelarts_logger] modelarts-pipe found
[ModelArts Service Log]modelarts-pipe: will create log file /tmp/log/MA-pcn_npu_20210610173506-06-17-15-30.log
[ModelArts Service Log]modelarts-pipe: will write log file /tmp/log/MA-pcn_npu_20210610173506-06-17-15-30.log
[ModelArts Service Log]modelarts-pipe: param for max log length: 1073741824
[ModelArts Service Log]modelarts-pipe: param for whether exit on overflow: 0
INFO:root:Using MoXing-v1.17.3-8aa951bc
INFO:root:Using OBS-Python-SDK-3.20.7
[Modelarts Service Log]2021-07-18 10:50:37,554 - WARNING - stdout log /var/log/batch-task/job803183ba/job-ma-pcn-npu-202106101/stdout.log is not found
[Modelarts Service Log]2021-07-18 10:50:37,563 - INFO - Ascend Driver: Version=20.2.0
[Modelarts Service Log]2021-07-18 10:50:37,563 - INFO - you are advised to use ASCEND_DEVICE_ID env instead of DEVICE_ID, as the DEVICE_ID env will be discarded in later versions
[Modelarts Service Log]2021-07-18 10:50:37,564 - INFO - particularly, ${ASCEND_DEVICE_ID} == ${DEVICE_ID}, it's the logical device id
[Modelarts Service Log]2021-07-18 10:50:37,564 - INFO - Davinci training command
[Modelarts Service Log]2021-07-18 10:50:37,564 - INFO - ['/usr/bin/python', '/home/work/user-job-dir/code/train.py', '--data_url=s3://pcn/pcn_dataset/pcn/', '--train_url=s3://pcn/MA-pcn_npu_20210610173506-06-17-15-30/output/V0060/']
[Modelarts Service Log]2021-07-18 10:50:37,564 - INFO - Wait for Rank table file ready
[Modelarts Service Log]2021-07-18 10:50:37,564 - INFO - Rank table file (K8S generated) is ready for read
[Modelarts Service Log]2021-07-18 10:50:37,564 - INFO - 
{
    "status": "completed",
    "group_count": "1",
    "group_list": [
        {
            "group_name": "job-ma-pcn-npu-202106101",
            "device_count": "1",
            "instance_count": "1",
            "instance_list": [
                {
                    "pod_name": "job803183ba-job-ma-pcn-npu-202106101-0",
                    "server_id": "192.168.0.136",
                    "devices": [
                        {
                            "device_id": "5",
                            "device_ip": "192.2.150.215"
                        }
                    ]
                }
            ]
        }
    ]
}
[Modelarts Service Log]2021-07-18 10:50:37,565 - INFO - Rank table file (C7x)
[Modelarts Service Log]2021-07-18 10:50:37,565 - INFO - 
{
    "status": "completed",
    "version": "1.0",
    "server_count": "1",
    "server_list": [
        {
            "server_id": "192.168.0.136",
            "device": [
                {
                    "device_id": "5",
                    "device_ip": "192.2.150.215",
                    "rank_id": "0"
                }
            ]
        }
    ]
}
[Modelarts Service Log]2021-07-18 10:50:37,565 - INFO - Rank table file (C7x) is generated
[Modelarts Service Log]2021-07-18 10:50:37,566 - INFO - Current server
[Modelarts Service Log]2021-07-18 10:50:37,566 - INFO - 
{
    "server_id": "192.168.0.136",
    "device": [
        {
            "device_id": "5",
            "device_ip": "192.2.150.215",
            "rank_id": "0"
        }
    ]
}
[Modelarts Service Log]2021-07-18 10:50:37,566 - INFO - bootstrap proc-rank-0-device-0
[Modelarts Service Log]2021-07-18 10:50:37,573 - INFO - proc-rank-0-device-0 (pid: 120)
Uninstalling enum34-1.1.10:
  Successfully uninstalled enum34-1.1.10
Looking in indexes: http://repo.myhuaweicloud.com/repository/pypi/simple
Collecting lmdb==0.97
  Downloading http://repo.myhuaweicloud.com/repository/pypi/packages/9f/8f/37cc080deb867305bf2d3ec4639e33b981d0def8d78949454a4654ca16bf/lmdb-0.97.tar.gz (869kB)
Building wheels for collected packages: lmdb
  Building wheel for lmdb (setup.py): started
  Building wheel for lmdb (setup.py): finished with status 'done'
  Created wheel for lmdb: filename=lmdb-0.97-cp37-cp37m-linux_aarch64.whl size=270177 sha256=1cd8ff9486311c763a85d6f05b33a3092870354d33ba0cd7bc91455817abaa01
  Stored in directory: /home/work/.cache/pip/wheels/9a/ce/6a/f9fda9565e0fa6a5e96a4c312a6171baf87b91bba0401846c4
Successfully built lmdb
Installing collected packages: lmdb
    import pyarrow
ModuleNotFoundError: No module named 'pyarrow'
[Modelarts Service Log]2021-07-18 10:50:47,587 - ERROR - proc-rank-0-device-0 (pid: 120) has exited with non-zero code: 1
[Modelarts Service Log]2021-07-18 10:50:47,588 - INFO - Begin destroy training processes
[Modelarts Service Log]2021-07-18 10:50:47,588 - INFO - proc-rank-0-device-0 (pid: 120) has exited
[Modelarts Service Log]2021-07-18 10:50:47,588 - INFO - End destroy training processes
[ModelArts Service Log]modelarts-pipe: total length: 4314
[Modelarts Service Log]Training end with return code: 1
[Modelarts Service Log]upload ascend-log to s3://pcn/MA-pcn_npu_20210610173506-06-17-15-30/log/ascend-log/ at 2021-07-18-10:50:47
upload_tail_log.py -l 2048 -o s3://pcn/MA-pcn_npu_20210610173506-06-17-15-30/log/ascend-log/
INFO:root:No files to copy.
[Modelarts Service Log]upload ascend-log end at 2021-07-18-10:50:48
[Modelarts Service Log]Training end at 2021-07-18-10:50:48
[Modelarts Service Log]Training completed.
