do nothing
[Modelarts Service Log]user: uid=1101(work) gid=1101(work) groups=1101(work),1000(HwHiAiUser)
[Modelarts Service Log]pwd: /home/work
[Modelarts Service Log]app_url: s3://pcn/MA-pcn_npu_20210610173506-06-17-15-30/code/
[Modelarts Service Log]boot_file: code/train.py
[Modelarts Service Log]log_url: /tmp/log/MA-pcn_npu_20210610173506-06-17-15-30.log
[Modelarts Service Log]command: code/train.py --data_url=s3://pcn/pcn_dataset/pcn/ --train_url=s3://pcn/MA-pcn_npu_20210610173506-06-17-15-30/output/V0005/
[Modelarts Service Log]local_code_dir: 
[Modelarts Service Log]Training start at 2021-06-17-15:52:40
[Modelarts Service Log][modelarts_create_log] modelarts-pipe found
[ModelArts Service Log]modelarts-pipe: will create log file /tmp/log/MA-pcn_npu_20210610173506-06-17-15-30.log
[Modelarts Service Log]handle inputs of training job
INFO:root:Using MoXing-v1.17.3-8aa951bc
INFO:root:Using OBS-Python-SDK-3.20.7
[ModelArts Service Log][INFO][2021/06/17 15:52:41]: env MA_INPUTS is not found, skip the inputs handler
INFO:root:Using MoXing-v1.17.3-8aa951bc
INFO:root:Using OBS-Python-SDK-3.20.7
[ModelArts Service Log]2021-06-17 15:52:42,135 - modelarts-downloader.py[line:620] - INFO: Main: modelarts-downloader starting with Namespace(dst='./', recursive=True, skip_creating_dir=False, src='s3://pcn/MA-pcn_npu_20210610173506-06-17-15-30/code/', trace=False, type='common', verbose=False)
[Modelarts Service Log][modelarts_logger] modelarts-pipe found
[ModelArts Service Log]modelarts-pipe: will create log file /tmp/log/MA-pcn_npu_20210610173506-06-17-15-30.log
[ModelArts Service Log]modelarts-pipe: will write log file /tmp/log/MA-pcn_npu_20210610173506-06-17-15-30.log
[ModelArts Service Log]modelarts-pipe: param for max log length: 1073741824
[ModelArts Service Log]modelarts-pipe: param for whether exit on overflow: 0
[ModelArts Service Log]modelarts-pipe: total length: 24
/home/work/user-job-dir
[Modelarts Service Log][modelarts_logger] modelarts-pipe found
[ModelArts Service Log]modelarts-pipe: will create log file /tmp/log/MA-pcn_npu_20210610173506-06-17-15-30.log
[ModelArts Service Log]modelarts-pipe: will write log file /tmp/log/MA-pcn_npu_20210610173506-06-17-15-30.log
[ModelArts Service Log]modelarts-pipe: param for max log length: 1073741824
[ModelArts Service Log]modelarts-pipe: param for whether exit on overflow: 0
INFO:root:Using MoXing-v1.17.3-8aa951bc
INFO:root:Using OBS-Python-SDK-3.20.7
[Modelarts Service Log]2021-06-17 15:52:43,828 - WARNING - stdout log /var/log/batch-task/job292817b3/job-ma-pcn-npu-202106101/stdout.log is not found
[Modelarts Service Log]2021-06-17 15:52:43,836 - INFO - Ascend Driver: Version=20.2.0
[Modelarts Service Log]2021-06-17 15:52:43,836 - INFO - you are advised to use ASCEND_DEVICE_ID env instead of DEVICE_ID, as the DEVICE_ID env will be discarded in later versions
[Modelarts Service Log]2021-06-17 15:52:43,836 - INFO - particularly, ${ASCEND_DEVICE_ID} == ${DEVICE_ID}, it's the logical device id
[Modelarts Service Log]2021-06-17 15:52:43,837 - INFO - Davinci training command
[Modelarts Service Log]2021-06-17 15:52:43,837 - INFO - ['/usr/bin/python', '/home/work/user-job-dir/code/train.py', '--data_url=s3://pcn/pcn_dataset/pcn/', '--train_url=s3://pcn/MA-pcn_npu_20210610173506-06-17-15-30/output/V0005/']
[Modelarts Service Log]2021-06-17 15:52:43,837 - INFO - Wait for Rank table file ready
[Modelarts Service Log]2021-06-17 15:52:43,837 - INFO - Rank table file (K8S generated) is ready for read
[Modelarts Service Log]2021-06-17 15:52:43,837 - INFO - 
{
    "status": "completed",
    "group_count": "1",
    "group_list": [
        {
            "group_name": "job-ma-pcn-npu-202106101",
            "device_count": "1",
            "instance_count": "1",
            "instance_list": [
                {
                    "pod_name": "job292817b3-job-ma-pcn-npu-202106101-0",
                    "server_id": "192.168.0.244",
                    "devices": [
                        {
                            "device_id": "4",
                            "device_ip": "192.1.168.86"
                        }
                    ]
                }
            ]
        }
    ]
}
[Modelarts Service Log]2021-06-17 15:52:43,838 - INFO - Rank table file (C7x)
[Modelarts Service Log]2021-06-17 15:52:43,838 - INFO - 
{
    "status": "completed",
    "version": "1.0",
    "server_count": "1",
    "server_list": [
        {
            "server_id": "192.168.0.244",
            "device": [
                {
                    "device_id": "4",
                    "device_ip": "192.1.168.86",
                    "rank_id": "0"
                }
            ]
        }
    ]
}
[Modelarts Service Log]2021-06-17 15:52:43,838 - INFO - Rank table file (C7x) is generated
[Modelarts Service Log]2021-06-17 15:52:43,839 - INFO - Current server
[Modelarts Service Log]2021-06-17 15:52:43,839 - INFO - 
{
    "server_id": "192.168.0.244",
    "device": [
        {
            "device_id": "4",
            "device_ip": "192.1.168.86",
            "rank_id": "0"
        }
    ]
}
[Modelarts Service Log]2021-06-17 15:52:43,839 - INFO - bootstrap proc-rank-0-device-0
[Modelarts Service Log]2021-06-17 15:52:43,846 - INFO - proc-rank-0-device-0 (pid: 116)
Uninstalling enum34-1.1.10:
  Successfully uninstalled enum34-1.1.10
Usage:   
  pip install [options] <requirement specifier> [package-index-options] ...
  pip install [options] -r <requirements file> [package-index-options] ...
  pip install [options] [-e] <vcs project url> ...
  pip install [options] [-e] <local project path> ...
  pip install [options] <archive url/path> ...
no such option: -y
Traceback (most recent call last):
  File "/home/work/user-job-dir/code/train.py", line 35, in <module>
    from data_util import lmdb_dataflow, get_queued_data
  File "/cache/user-job-dir/code/data_util.py", line 29, in <module>
    from tensorpack import dataflow
ModuleNotFoundError: No module named 'tensorpack'
[Modelarts Service Log]2021-06-17 15:52:50,857 - ERROR - proc-rank-0-device-0 (pid: 116) has exited with non-zero code: 1
[Modelarts Service Log]2021-06-17 15:52:50,858 - INFO - Begin destroy training processes
[Modelarts Service Log]2021-06-17 15:52:50,858 - INFO - proc-rank-0-device-0 (pid: 116) has exited
[Modelarts Service Log]2021-06-17 15:52:50,858 - INFO - End destroy training processes
[ModelArts Service Log]modelarts-pipe: total length: 4243
[Modelarts Service Log]Training end with return code: 1
[Modelarts Service Log]upload ascend-log to s3://pcn/MA-pcn_npu_20210610173506-06-17-15-30/log/ascend-log/ at 2021-06-17-15:52:50
upload_tail_log.py -l 2048 -o s3://pcn/MA-pcn_npu_20210610173506-06-17-15-30/log/ascend-log/
[Modelarts Service Log]upload ascend-log end at 2021-06-17-15:52:51
[Modelarts Service Log]Training end at 2021-06-17-15:52:51
[Modelarts Service Log]Training completed.
