do nothing
[Modelarts Service Log]user: uid=1101(work) gid=1101(work) groups=1101(work),1000(HwHiAiUser)
[Modelarts Service Log]pwd: /home/work
[Modelarts Service Log]app_url: s3://pcn/MA-pcn_npu_20210610173506-06-17-15-30/code/
[Modelarts Service Log]boot_file: code/train.py
[Modelarts Service Log]log_url: /tmp/log/MA-pcn_npu_20210610173506-06-17-15-30.log
[Modelarts Service Log]command: code/train.py --data_url=s3://pcn/pcn_dataset/pcn/ --train_url=s3://pcn/MA-pcn_npu_20210610173506-06-17-15-30/output/V0054/
[Modelarts Service Log]local_code_dir: 
[Modelarts Service Log]Training start at 2021-07-17-23:56:46
[Modelarts Service Log][modelarts_create_log] modelarts-pipe found
[ModelArts Service Log]modelarts-pipe: will create log file /tmp/log/MA-pcn_npu_20210610173506-06-17-15-30.log
[Modelarts Service Log]handle inputs of training job
INFO:root:Using MoXing-v1.17.3-8aa951bc
INFO:root:Using OBS-Python-SDK-3.20.7
[ModelArts Service Log][INFO][2021/07/17 23:56:47]: env MA_INPUTS is not found, skip the inputs handler
INFO:root:Using MoXing-v1.17.3-8aa951bc
INFO:root:Using OBS-Python-SDK-3.20.7
[ModelArts Service Log]2021-07-17 23:56:48,073 - modelarts-downloader.py[line:620] - INFO: Main: modelarts-downloader starting with Namespace(dst='./', recursive=True, skip_creating_dir=False, src='s3://pcn/MA-pcn_npu_20210610173506-06-17-15-30/code/', trace=False, type='common', verbose=False)
[Modelarts Service Log][modelarts_logger] modelarts-pipe found
[ModelArts Service Log]modelarts-pipe: will create log file /tmp/log/MA-pcn_npu_20210610173506-06-17-15-30.log
[Modelarts Service Log][INFO] exec pip install
[ModelArts Service Log]modelarts-pipe: will write log file /tmp/log/MA-pcn_npu_20210610173506-06-17-15-30.log
[ModelArts Service Log]modelarts-pipe: param for max log length: 1073741824
[ModelArts Service Log]modelarts-pipe: param for whether exit on overflow: 0
Looking in indexes: http://repo.myhuaweicloud.com/repository/pypi/simple
Collecting lmdb>=0.9 (from -r /home/work/user-job-dir/code/pip-requirements.txt (line 1))
  Downloading http://repo.myhuaweicloud.com/repository/pypi/packages/2f/df/3aea5279753cb8ab0c96dec43106e24f388d4179d5224f6d3e652016c095/lmdb-1.2.1.tar.gz (881kB)
    ERROR: Command errored out with exit status 1:
     command: /usr/local/ma/python3.7/bin/python3.7 -c 'import sys, setuptools, tokenize; sys.argv[0] = '"'"'/tmp/pip-install-movv4kkz/lmdb/setup.py'"'"'; __file__='"'"'/tmp/pip-install-movv4kkz/lmdb/setup.py'"'"';f=getattr(tokenize, '"'"'open'"'"', open)(__file__);code=f.read().replace('"'"'\r\n'"'"', '"'"'\n'"'"');f.close();exec(compile(code, __file__, '"'"'exec'"'"'))' egg_info --egg-base pip-egg-info
         cwd: /tmp/pip-install-movv4kkz/lmdb/
    Complete output (7 lines):
    py-lmdb: Using bundled liblmdb with py-lmdb patches; override with LMDB_FORCE_SYSTEM=1 or LMDB_PURE=1.
    sh: /usr/bin/patch: No such file or directory
    Traceback (most recent call last):
      File "<string>", line 1, in <module>
      File "/tmp/pip-install-movv4kkz/lmdb/setup.py", line 119, in <module>
        raise Exception('Applying patch failed')
    Exception: Applying patch failed
    ----------------------------------------
ERROR: Command errored out with exit status 1: python setup.py egg_info Check the logs for full command output.
/home/work/user-job-dir
[ModelArts Service Log]modelarts-pipe: total length: 1490
[Modelarts Service Log][modelarts_logger] modelarts-pipe found
[ModelArts Service Log]modelarts-pipe: will create log file /tmp/log/MA-pcn_npu_20210610173506-06-17-15-30.log
[ModelArts Service Log]modelarts-pipe: will write log file /tmp/log/MA-pcn_npu_20210610173506-06-17-15-30.log
[ModelArts Service Log]modelarts-pipe: param for max log length: 1073741824
[ModelArts Service Log]modelarts-pipe: param for whether exit on overflow: 0
INFO:root:Using MoXing-v1.17.3-8aa951bc
INFO:root:Using OBS-Python-SDK-3.20.7
[Modelarts Service Log]2021-07-17 23:56:51,278 - WARNING - stdout log /var/log/batch-task/job8b86cc5a/job-ma-pcn-npu-202106101/stdout.log is not found
[Modelarts Service Log]2021-07-17 23:56:51,287 - INFO - Ascend Driver: Version=20.2.0
                {
                    "device_id": "1",
                    "device_ip": "192.2.69.94",
                    "rank_id": "0"
                }
            ]
        }
    ]
}
[Modelarts Service Log]2021-07-17 23:56:51,289 - INFO - Rank table file (C7x) is generated
[Modelarts Service Log]2021-07-17 23:56:51,289 - INFO - Current server
[Modelarts Service Log]2021-07-17 23:56:51,290 - INFO - 
{
    "server_id": "192.168.0.128",
    "device": [
        {
            "device_id": "1",
            "device_ip": "192.2.69.94",
            "rank_id": "0"
        }
    ]
}
[Modelarts Service Log]2021-07-17 23:56:51,290 - INFO - bootstrap proc-rank-0-device-0
[Modelarts Service Log]2021-07-17 23:56:51,299 - INFO - proc-rank-0-device-0 (pid: 125)
Uninstalling enum34-1.1.10:
  Successfully uninstalled enum34-1.1.10
Looking in indexes: http://repo.myhuaweicloud.com/repository/pypi/simple
Collecting lmdb==0.97
  Downloading http://repo.myhuaweicloud.com/repository/pypi/packages/9f/8f/37cc080deb867305bf2d3ec4639e33b981d0def8d78949454a4654ca16bf/lmdb-0.97.tar.gz (869kB)
Building wheels for collected packages: lmdb
  Building wheel for lmdb (setup.py): started
  Building wheel for lmdb (setup.py): finished with status 'done'
  Created wheel for lmdb: filename=lmdb-0.97-cp37-cp37m-linux_aarch64.whl size=270185 sha256=5b1bc1ad3969d722f3a9762b3e536a10206c8c622fe090070c8ffaae020ed9db
  Stored in directory: /home/work/.cache/pip/wheels/9a/ce/6a/f9fda9565e0fa6a5e96a4c312a6171baf87b91bba0401846c4
Successfully built lmdb
Installing collected packages: lmdb
Successfully installed lmdb-0.97
Looking in indexes: http://repo.myhuaweicloud.com/repository/pypi/simple
Collecting pyarrow==0.10.1
  ERROR: Could not find a version that satisfies the requirement pyarrow==0.10.1 (from versions: 0.9.0, 0.10.0, 0.11.0, 0.11.1, 0.12.0, 0.12.1, 0.13.0, 0.14.0, 0.15.1, 0.16.0, 0.17.0, 0.17.1, 1.0.0, 1.0.1, 2.0.0, 3.0.0, 4.0.0)
ERROR: No matching distribution found for pyarrow==0.10.1
Looking in indexes: http://repo.myhuaweicloud.com/repository/pypi/simple
Collecting tensorpack
  Downloading http://repo.myhuaweicloud.com/repository/pypi/packages/f9/8c/63e5f5a4a04dea36b75850f9daa885ccbfad64bec1fae0ee4ca9f31b3eaa/tensorpack-0.11-py2.py3-none-any.whl (296kB)
Collecting pyzmq>=16 (from tensorpack)
  Downloading http://repo.myhuaweicloud.com/repository/pypi/packages/a3/7a/561526861908d366ddc2764933a6090078654b0f2ff20c3c180dd5851554/pyzmq-22.0.3.tar.gz (1.2MB)
  Installing build dependencies: started
  Installing build dependencies: finished with status 'done'
  Getting requirements to build wheel: started
  Getting requirements to build wheel: finished with status 'done'
  Installing backend dependencies: started
  Installing backend dependencies: finished with status 'done'
    Preparing wheel metadata: started
    Preparing wheel metadata: finished with status 'done'
Requirement already satisfied: numpy>=1.14 in /usr/local/ma/python3.7/lib/python3.7/site-packages (from tensorpack) (1.17.5)
Collecting msgpack-numpy>=0.4.4.2 (from tensorpack)
  Downloading http://repo.myhuaweicloud.com/repository/pypi/packages/19/05/05b8d7c69c6abb36a34325cc3150089bdafc359f0a81fb998d93c5d5c737/msgpack_numpy-0.4.7.1-py2.py3-none-any.whl
Collecting msgpack>=0.5.2 (from tensorpack)
  Downloading http://repo.myhuaweicloud.com/repository/pypi/packages/59/04/87fc6708659c2ed3b0b6d4954f270b6e931def707b227c4554f99bd5401e/msgpack-1.0.2.tar.gz (123kB)
Requirement already satisfied: tqdm>4.29.0 in /usr/local/ma/python3.7/lib/python3.7/site-packages (from tensorpack) (4.46.1)
Requirement already satisfied: termcolor>=1.1 in /usr/local/ma/python3.7/lib/python3.7/site-packages (from tensorpack) (1.1.0)
Requirement already satisfied: psutil>=5 in /usr/local/ma/python3.7/lib/python3.7/site-packages (from tensorpack) (5.7.0)
Requirement already satisfied: six in /usr/local/ma/python3.7/lib/python3.7/site-packages (from tensorpack) (1.15.0)
Collecting tabulate>=0.7.7 (from tensorpack)
  Downloading http://repo.myhuaweicloud.com/repository/pypi/packages/ca/80/7c0cad11bd99985cfe7c09427ee0b4f9bd6b048bd13d4ffb32c6db237dfb/tabulate-0.8.9-py3-none-any.whl
Building wheels for collected packages: pyzmq
  Building wheel for pyzmq (PEP 517): started
  Building wheel for pyzmq (PEP 517): still running...
