do nothing
[Modelarts Service Log]user: uid=1101(work) gid=1101(work) groups=1101(work),1000(HwHiAiUser)
[Modelarts Service Log]pwd: /home/work
[Modelarts Service Log]app_url: s3://pcn/MA-pcn_npu_20210610173506-06-17-15-30/code/
[Modelarts Service Log]boot_file: code/train.py
[Modelarts Service Log]log_url: /tmp/log/MA-pcn_npu_20210610173506-06-17-15-30.log
[Modelarts Service Log]command: code/train.py --data_url=s3://pcn/pcn_dataset/pcn/ --train_url=s3://pcn/MA-pcn_npu_20210610173506-06-17-15-30/output/V0036/
[Modelarts Service Log]local_code_dir: 
[Modelarts Service Log]Training start at 2021-07-14-23:23:01
[Modelarts Service Log][modelarts_create_log] modelarts-pipe found
[ModelArts Service Log]modelarts-pipe: will create log file /tmp/log/MA-pcn_npu_20210610173506-06-17-15-30.log
[Modelarts Service Log]handle inputs of training job
INFO:root:Using MoXing-v1.17.3-8aa951bc
INFO:root:Using OBS-Python-SDK-3.20.7
[ModelArts Service Log][INFO][2021/07/14 23:23:02]: env MA_INPUTS is not found, skip the inputs handler
INFO:root:Using MoXing-v1.17.3-8aa951bc
INFO:root:Using OBS-Python-SDK-3.20.7
[ModelArts Service Log]2021-07-14 23:23:02,993 - modelarts-downloader.py[line:620] - INFO: Main: modelarts-downloader starting with Namespace(dst='./', recursive=True, skip_creating_dir=False, src='s3://pcn/MA-pcn_npu_20210610173506-06-17-15-30/code/', trace=False, type='common', verbose=False)
[Modelarts Service Log][modelarts_logger] modelarts-pipe found
[ModelArts Service Log]modelarts-pipe: will create log file /tmp/log/MA-pcn_npu_20210610173506-06-17-15-30.log
[ModelArts Service Log]modelarts-pipe: will write log file /tmp/log/MA-pcn_npu_20210610173506-06-17-15-30.log
[ModelArts Service Log]modelarts-pipe: param for max log length: 1073741824
[ModelArts Service Log]modelarts-pipe: param for whether exit on overflow: 0
[ModelArts Service Log]modelarts-pipe: total length: 24
/home/work/user-job-dir
[Modelarts Service Log][modelarts_logger] modelarts-pipe found
[ModelArts Service Log]modelarts-pipe: will create log file /tmp/log/MA-pcn_npu_20210610173506-06-17-15-30.log
[ModelArts Service Log]modelarts-pipe: will write log file /tmp/log/MA-pcn_npu_20210610173506-06-17-15-30.log
[ModelArts Service Log]modelarts-pipe: param for max log length: 1073741824
[ModelArts Service Log]modelarts-pipe: param for whether exit on overflow: 0
INFO:root:Using MoXing-v1.17.3-8aa951bc
INFO:root:Using OBS-Python-SDK-3.20.7
[Modelarts Service Log]2021-07-14 23:23:04,546 - WARNING - stdout log /var/log/batch-task/job4d1e40e8/job-ma-pcn-npu-202106101/stdout.log is not found
[Modelarts Service Log]2021-07-14 23:23:04,555 - INFO - Ascend Driver: Version=20.2.0
[Modelarts Service Log]2021-07-14 23:23:04,556 - INFO - you are advised to use ASCEND_DEVICE_ID env instead of DEVICE_ID, as the DEVICE_ID env will be discarded in later versions
[Modelarts Service Log]2021-07-14 23:23:04,556 - INFO - particularly, ${ASCEND_DEVICE_ID} == ${DEVICE_ID}, it's the logical device id
[Modelarts Service Log]2021-07-14 23:23:04,556 - INFO - Davinci training command
[Modelarts Service Log]2021-07-14 23:23:04,556 - INFO - ['/usr/bin/python', '/home/work/user-job-dir/code/train.py', '--data_url=s3://pcn/pcn_dataset/pcn/', '--train_url=s3://pcn/MA-pcn_npu_20210610173506-06-17-15-30/output/V0036/']
[Modelarts Service Log]2021-07-14 23:23:04,556 - INFO - Wait for Rank table file ready
[Modelarts Service Log]2021-07-14 23:23:04,556 - INFO - Rank table file (K8S generated) is ready for read
[Modelarts Service Log]2021-07-14 23:23:04,556 - INFO - 
{
    "status": "completed",
    "group_count": "1",
    "group_list": [
        {
            "group_name": "job-ma-pcn-npu-202106101",
            "device_count": "1",
            "instance_count": "1",
            "instance_list": [
                {
                    "pod_name": "job4d1e40e8-job-ma-pcn-npu-202106101-0",
                    "server_id": "192.168.0.136",
                    "devices": [
                        {
                            "device_id": "0",
                            "device_ip": "192.1.225.163"
                        }
                    ]
                }
            ]
        }
    ]
}
[Modelarts Service Log]2021-07-14 23:23:04,557 - INFO - Rank table file (C7x)
[Modelarts Service Log]2021-07-14 23:23:04,557 - INFO - 
{
    "status": "completed",
    "version": "1.0",
    "server_count": "1",
    "server_list": [
        {
            "server_id": "192.168.0.136",
            "device": [
                {
                    "device_id": "0",
                    "device_ip": "192.1.225.163",
                    "rank_id": "0"
                }
            ]
        }
    ]
}
[Modelarts Service Log]2021-07-14 23:23:04,557 - INFO - Rank table file (C7x) is generated
[Modelarts Service Log]2021-07-14 23:23:04,558 - INFO - Current server
[Modelarts Service Log]2021-07-14 23:23:04,558 - INFO - 
{
    "server_id": "192.168.0.136",
    "device": [
        {
            "device_id": "0",
            "device_ip": "192.1.225.163",
            "rank_id": "0"
        }
    ]
}
[Modelarts Service Log]2021-07-14 23:23:04,558 - INFO - bootstrap proc-rank-0-device-0
[Modelarts Service Log]2021-07-14 23:23:04,568 - INFO - proc-rank-0-device-0 (pid: 115)
Uninstalling enum34-1.1.10:
  Successfully uninstalled enum34-1.1.10
Looking in indexes: http://repo.myhuaweicloud.com/repository/pypi/simple
Collecting lmdb==0.97
  Downloading http://repo.myhuaweicloud.com/repository/pypi/packages/9f/8f/37cc080deb867305bf2d3ec4639e33b981d0def8d78949454a4654ca16bf/lmdb-0.97.tar.gz (869kB)
Building wheels for collected packages: lmdb
  Building wheel for lmdb (setup.py): started
  Building wheel for lmdb (setup.py): finished with status 'done'
  Created wheel for lmdb: filename=lmdb-0.97-cp37-cp37m-linux_aarch64.whl size=270188 sha256=d3c6164dd1368db4959bea381f83b71fec8876cf77efb2dae24498939355b393
  Stored in directory: /home/work/.cache/pip/wheels/9a/ce/6a/f9fda9565e0fa6a5e96a4c312a6171baf87b91bba0401846c4
Successfully built lmdb
Installing collected packages: lmdb
Successfully installed lmdb-0.97
Looking in indexes: http://repo.myhuaweicloud.com/repository/pypi/simple
Collecting pyarrow==0.10.0
  Downloading http://repo.myhuaweicloud.com/repository/pypi/packages/c0/a0/f7e9dfd8988d94f4952f9b50eb04e14a80fbe39218520725aab53daab57c/pyarrow-0.10.0.tar.gz (2.1MB)
    ERROR: Command errored out with exit status 1:
     command: /usr/local/ma/python3.7/bin/python3.7 -c 'import sys, setuptools, tokenize; sys.argv[0] = '"'"'/tmp/pip-install-2tqtzve8/pyarrow/setup.py'"'"'; __file__='"'"'/tmp/pip-install-2tqtzve8/pyarrow/setup.py'"'"';f=getattr(tokenize, '"'"'open'"'"', open)(__file__);code=f.read().replace('"'"'\r\n'"'"', '"'"'\n'"'"');f.close();exec(compile(code, __file__, '"'"'exec'"'"'))' egg_info --egg-base pip-egg-info
         cwd: /tmp/pip-install-2tqtzve8/pyarrow/
    Complete output (26 lines):
    Download error on https://pypi.org/simple/setuptools_scm/: [Errno 99] Cannot assign requested address -- Some packages may not be found!
    Download error on https://pypi.org/simple/setuptools-scm/: [Errno 99] Cannot assign requested address -- Some packages may not be found!
    Couldn't find index page for 'setuptools_scm' (maybe misspelled?)
    Download error on https://pypi.org/simple/: [Errno 99] Cannot assign requested address -- Some packages may not be found!
    No local packages or working download links found for setuptools_scm
    Traceback (most recent call last):
      File "<string>", line 1, in <module>
      File "/tmp/pip-install-2tqtzve8/pyarrow/setup.py", line 545, in <module>
        url="https://arrow.apache.org/"
      File "/usr/local/ma/python3.7/lib/python3.7/site-packages/setuptools/__init__.py", line 144, in setup
        _install_setup_requires(attrs)
      File "/usr/local/ma/python3.7/lib/python3.7/site-packages/setuptools/__init__.py", line 139, in _install_setup_requires
        dist.fetch_build_eggs(dist.setup_requires)
      File "/usr/local/ma/python3.7/lib/python3.7/site-packages/setuptools/dist.py", line 719, in fetch_build_eggs
        replace_conflicting=True,
      File "/usr/local/ma/python3.7/lib/python3.7/site-packages/pkg_resources/__init__.py", line 782, in resolve
        replace_conflicting=replace_conflicting
      File "/usr/local/ma/python3.7/lib/python3.7/site-packages/pkg_resources/__init__.py", line 1065, in best_match
        return self.obtain(req, installer)
      File "/usr/local/ma/python3.7/lib/python3.7/site-packages/pkg_resources/__init__.py", line 1077, in obtain
        return installer(requirement)
      File "/usr/local/ma/python3.7/lib/python3.7/site-packages/setuptools/dist.py", line 786, in fetch_build_egg
        return cmd.easy_install(req)
      File "/usr/local/ma/python3.7/lib/python3.7/site-packages/setuptools/command/easy_install.py", line 673, in easy_install
        raise DistutilsError(msg)
    distutils.errors.DistutilsError: Could not find suitable distribution for Requirement.parse('setuptools_scm')
    ----------------------------------------
ERROR: Command errored out with exit status 1: python setup.py egg_info Check the logs for full command output.
Looking in indexes: http://repo.myhuaweicloud.com/repository/pypi/simple
Collecting tensorpack
  Downloading http://repo.myhuaweicloud.com/repository/pypi/packages/f9/8c/63e5f5a4a04dea36b75850f9daa885ccbfad64bec1fae0ee4ca9f31b3eaa/tensorpack-0.11-py2.py3-none-any.whl (296kB)
Requirement already satisfied: six in /usr/local/ma/python3.7/lib/python3.7/site-packages (from tensorpack) (1.15.0)
Requirement already satisfied: psutil>=5 in /usr/local/ma/python3.7/lib/python3.7/site-packages (from tensorpack) (5.7.0)
Requirement already satisfied: numpy>=1.14 in /usr/local/ma/python3.7/lib/python3.7/site-packages (from tensorpack) (1.17.5)
Collecting tabulate>=0.7.7 (from tensorpack)
  Downloading http://repo.myhuaweicloud.com/repository/pypi/packages/ca/80/7c0cad11bd99985cfe7c09427ee0b4f9bd6b048bd13d4ffb32c6db237dfb/tabulate-0.8.9-py3-none-any.whl
Collecting msgpack-numpy>=0.4.4.2 (from tensorpack)
  Downloading http://repo.myhuaweicloud.com/repository/pypi/packages/19/05/05b8d7c69c6abb36a34325cc3150089bdafc359f0a81fb998d93c5d5c737/msgpack_numpy-0.4.7.1-py2.py3-none-any.whl
Collecting msgpack>=0.5.2 (from tensorpack)
  Downloading http://repo.myhuaweicloud.com/repository/pypi/packages/59/04/87fc6708659c2ed3b0b6d4954f270b6e931def707b227c4554f99bd5401e/msgpack-1.0.2.tar.gz (123kB)
Requirement already satisfied: tqdm>4.29.0 in /usr/local/ma/python3.7/lib/python3.7/site-packages (from tensorpack) (4.46.1)
Collecting pyzmq>=16 (from tensorpack)
  Downloading http://repo.myhuaweicloud.com/repository/pypi/packages/a3/7a/561526861908d366ddc2764933a6090078654b0f2ff20c3c180dd5851554/pyzmq-22.0.3.tar.gz (1.2MB)
  Installing build dependencies: started
  Installing build dependencies: finished with status 'done'
  Getting requirements to build wheel: started
  Getting requirements to build wheel: finished with status 'done'
  Installing backend dependencies: started
  Installing backend dependencies: finished with status 'done'
    Preparing wheel metadata: started
Building wheels for collected packages: pyzmq
  Building wheel for pyzmq (PEP 517): started
  Building wheel for pyzmq (PEP 517): still running...
  Building wheel for pyzmq (PEP 517): still running...
  Building wheel for pyzmq (PEP 517): finished with status 'done'
  Created wheel for pyzmq: filename=pyzmq-22.0.3-cp37-cp37m-linux_aarch64.whl size=6046126 sha256=4a30e77b3efc1fb1c59239a866feba1f79c0009a1c6945755f8f324cf26d1c91
  Stored in directory: /home/work/.cache/pip/wheels/b4/9f/a7/5b8a3feaa4f90246408e8a7e3e94b7a7167654a784c4f4a6f4
Successfully built pyzmq
Building wheels for collected packages: msgpack
  Building wheel for msgpack (setup.py): started
  Building wheel for msgpack (setup.py): finished with status 'done'
  Created wheel for msgpack: filename=msgpack-1.0.2-cp37-cp37m-linux_aarch64.whl size=224459 sha256=f50f353c8d333289b975701ca0ec523eb60baf0d1820df8c4aaa1ab94f899321
  Stored in directory: /home/work/.cache/pip/wheels/67/89/99/8886acf4cf40672c2fe8fa2c63661973741a3b9f3d117a6fa9
Successfully built msgpack
Installing collected packages: tabulate, msgpack, msgpack-numpy, pyzmq, tensorpack
Successfully installed msgpack-1.0.2 msgpack-numpy-0.4.7.1 pyzmq-22.0.3 tabulate-0.8.9 tensorpack-0.11
WARNING:tensorflow:From /usr/local/Ascend/tfplugin/latest/tfplugin/python/site-packages/npu_bridge/estimator/npu/npu_optimizer.py:225: The name tf.train.Optimizer is deprecated. Please use tf.compat.v1.train.Optimizer instead.
INFO:root:Using MoXing-v1.17.3-8aa951bc
INFO:root:Using OBS-Python-SDK-3.20.7
train.lmdb
WARNING:tensorflow:From /cache/user-job-dir/code/models/pcn_cd.py:45: The name tf.variable_scope is deprecated. Please use tf.compat.v1.variable_scope instead.
WARNING:tensorflow:From /cache/user-job-dir/code/models/pcn_cd.py:45: The name tf.variable_scope is deprecated. Please use tf.compat.v1.variable_scope instead.
WARNING:tensorflow:From /cache/user-job-dir/code/models/pcn_cd.py:45: The name tf.AUTO_REUSE is deprecated. Please use tf.compat.v1.AUTO_REUSE instead.
WARNING:tensorflow:From /cache/user-job-dir/code/models/pcn_cd.py:45: The name tf.AUTO_REUSE is deprecated. Please use tf.compat.v1.AUTO_REUSE instead.
WARNING:tensorflow:
The TensorFlow contrib module will not be included in TensorFlow 2.0.
For more information, please see:
  * https://github.com/tensorflow/community/blob/master/rfcs/20180907-contrib-sunset.md
  * https://github.com/tensorflow/addons
  * https://github.com/tensorflow/io (for I/O related ops)
If you depend on functionality not listed there, please file an issue.
WARNING:tensorflow:
The TensorFlow contrib module will not be included in TensorFlow 2.0.
For more information, please see:
  * https://github.com/tensorflow/community/blob/master/rfcs/20180907-contrib-sunset.md
  * https://github.com/tensorflow/addons
  * https://github.com/tensorflow/io (for I/O related ops)
If you depend on functionality not listed there, please file an issue.
Traceback (most recent call last):
  File "/home/work/user-job-dir/code/train.py", line 186, in <module>
    train(args)
  File "/home/work/user-job-dir/code/train.py", line 77, in train
    args.lmdb_train, args.batch_size, args.num_input_points, args.num_gt_points, is_training=True)
  File "/cache/user-job-dir/code/data_util.py", line 95, in lmdb_dataflow
    df = dataflow.LMDBSerializer.load(lmdb_path, shuffle=False)
  File "/usr/local/ma/python3.7/lib/python3.7/site-packages/tensorpack/dataflow/serialize.py", line 114, in load
    df = LMDBData(path, shuffle=shuffle)
  File "/usr/local/ma/python3.7/lib/python3.7/site-packages/tensorpack/dataflow/format.py", line 90, in __init__
    self._set_keys(keys)
  File "/usr/local/ma/python3.7/lib/python3.7/site-packages/tensorpack/dataflow/format.py", line 110, in _set_keys
    self.keys = loads(self.keys)
  File "/usr/local/ma/python3.7/lib/python3.7/site-packages/tensorpack/utils/serialize.py", line 93, in loads
    return pickle.loads(buf)
_pickle.UnpicklingError: invalid load key, '\xdd'.
[Modelarts Service Log]2021-07-14 23:53:22,379 - ERROR - proc-rank-0-device-0 (pid: 115) has exited with non-zero code: 1
[Modelarts Service Log]2021-07-14 23:53:22,380 - INFO - Begin destroy training processes
[Modelarts Service Log]2021-07-14 23:53:22,380 - INFO - proc-rank-0-device-0 (pid: 115) has exited
[Modelarts Service Log]2021-07-14 23:53:22,380 - INFO - End destroy training processes
[ModelArts Service Log]modelarts-pipe: total length: 13393
[Modelarts Service Log]Training end with return code: 1
[Modelarts Service Log]upload ascend-log to s3://pcn/MA-pcn_npu_20210610173506-06-17-15-30/log/ascend-log/ at 2021-07-14-23:53:22
upload_tail_log.py -l 2048 -o s3://pcn/MA-pcn_npu_20210610173506-06-17-15-30/log/ascend-log/
[Modelarts Service Log]upload ascend-log end at 2021-07-14-23:53:23
[Modelarts Service Log]Training end at 2021-07-14-23:53:23
[Modelarts Service Log]Training completed.
