do nothing
[Modelarts Service Log]user: uid=1101(work) gid=1101(work) groups=1101(work),1000(HwHiAiUser)
[Modelarts Service Log]pwd: /home/work
[Modelarts Service Log]app_url: s3://pcn/MA-pcn_npu_20210610173506-06-17-15-30/code/
[Modelarts Service Log]boot_file: code/train.py
[Modelarts Service Log]log_url: /tmp/log/MA-pcn_npu_20210610173506-06-17-15-30.log
[Modelarts Service Log]command: code/train.py --data_url=s3://pcn/pcn_dataset/pcn/ --train_url=s3://pcn/MA-pcn_npu_20210610173506-06-17-15-30/output/V0057/
[Modelarts Service Log]local_code_dir: 
[Modelarts Service Log]Training start at 2021-07-18-00:11:01
[Modelarts Service Log][modelarts_create_log] modelarts-pipe found
[ModelArts Service Log]modelarts-pipe: will create log file /tmp/log/MA-pcn_npu_20210610173506-06-17-15-30.log
[Modelarts Service Log]handle inputs of training job
INFO:root:Using MoXing-v1.17.3-8aa951bc
INFO:root:Using OBS-Python-SDK-3.20.7
[ModelArts Service Log][INFO][2021/07/18 00:11:02]: env MA_INPUTS is not found, skip the inputs handler
INFO:root:Using MoXing-v1.17.3-8aa951bc
INFO:root:Using OBS-Python-SDK-3.20.7
[ModelArts Service Log]2021-07-18 00:11:02,794 - modelarts-downloader.py[line:620] - INFO: Main: modelarts-downloader starting with Namespace(dst='./', recursive=True, skip_creating_dir=False, src='s3://pcn/MA-pcn_npu_20210610173506-06-17-15-30/code/', trace=False, type='common', verbose=False)
[Modelarts Service Log][modelarts_logger] modelarts-pipe found
[ModelArts Service Log]modelarts-pipe: will create log file /tmp/log/MA-pcn_npu_20210610173506-06-17-15-30.log
[ModelArts Service Log]modelarts-pipe: will write log file /tmp/log/MA-pcn_npu_20210610173506-06-17-15-30.log
[ModelArts Service Log]modelarts-pipe: param for max log length: 1073741824
[ModelArts Service Log]modelarts-pipe: param for whether exit on overflow: 0
[Modelarts Service Log][INFO] exec pip install
Looking in indexes: http://repo.myhuaweicloud.com/repository/pypi/simple
Collecting lmdb>=0.9 (from -r /home/work/user-job-dir/code/pip-requirements.txt (line 1))
  Downloading http://repo.myhuaweicloud.com/repository/pypi/packages/2f/df/3aea5279753cb8ab0c96dec43106e24f388d4179d5224f6d3e652016c095/lmdb-1.2.1.tar.gz (881kB)
    ERROR: Command errored out with exit status 1:
     command: /usr/local/ma/python3.7/bin/python3.7 -c 'import sys, setuptools, tokenize; sys.argv[0] = '"'"'/tmp/pip-install-m704fm28/lmdb/setup.py'"'"'; __file__='"'"'/tmp/pip-install-m704fm28/lmdb/setup.py'"'"';f=getattr(tokenize, '"'"'open'"'"', open)(__file__);code=f.read().replace('"'"'\r\n'"'"', '"'"'\n'"'"');f.close();exec(compile(code, __file__, '"'"'exec'"'"'))' egg_info --egg-base pip-egg-info
         cwd: /tmp/pip-install-m704fm28/lmdb/
    Complete output (7 lines):
    py-lmdb: Using bundled liblmdb with py-lmdb patches; override with LMDB_FORCE_SYSTEM=1 or LMDB_PURE=1.
    sh: /usr/bin/patch: No such file or directory
    Traceback (most recent call last):
      File "<string>", line 1, in <module>
      File "/tmp/pip-install-m704fm28/lmdb/setup.py", line 119, in <module>
        raise Exception('Applying patch failed')
    Exception: Applying patch failed
    ----------------------------------------
ERROR: Command errored out with exit status 1: python setup.py egg_info Check the logs for full command output.
/home/work/user-job-dir
[ModelArts Service Log]modelarts-pipe: total length: 1490
[Modelarts Service Log][modelarts_logger] modelarts-pipe found
[ModelArts Service Log]modelarts-pipe: will create log file /tmp/log/MA-pcn_npu_20210610173506-06-17-15-30.log
[ModelArts Service Log]modelarts-pipe: will write log file /tmp/log/MA-pcn_npu_20210610173506-06-17-15-30.log
[ModelArts Service Log]modelarts-pipe: param for max log length: 1073741824
[ModelArts Service Log]modelarts-pipe: param for whether exit on overflow: 0
INFO:root:Using MoXing-v1.17.3-8aa951bc
INFO:root:Using OBS-Python-SDK-3.20.7
[Modelarts Service Log]2021-07-18 00:11:05,605 - WARNING - stdout log /var/log/batch-task/jobd778ec25/job-ma-pcn-npu-202106101/stdout.log is not found
[Modelarts Service Log]2021-07-18 00:11:05,613 - INFO - Ascend Driver: Version=20.2.0
[Modelarts Service Log]2021-07-18 00:11:05,613 - INFO - you are advised to use ASCEND_DEVICE_ID env instead of DEVICE_ID, as the DEVICE_ID env will be discarded in later versions
[Modelarts Service Log]2021-07-18 00:11:05,613 - INFO - particularly, ${ASCEND_DEVICE_ID} == ${DEVICE_ID}, it's the logical device id
[Modelarts Service Log]2021-07-18 00:11:05,613 - INFO - Davinci training command
[Modelarts Service Log]2021-07-18 00:11:05,613 - INFO - ['/usr/bin/python', '/home/work/user-job-dir/code/train.py', '--data_url=s3://pcn/pcn_dataset/pcn/', '--train_url=s3://pcn/MA-pcn_npu_20210610173506-06-17-15-30/output/V0057/']
[Modelarts Service Log]2021-07-18 00:11:05,614 - INFO - Wait for Rank table file ready
[Modelarts Service Log]2021-07-18 00:11:05,614 - INFO - Rank table file (K8S generated) is ready for read
[Modelarts Service Log]2021-07-18 00:11:05,614 - INFO - 
{
    "status": "completed",
    "group_count": "1",
    "group_list": [
        {
            "group_name": "job-ma-pcn-npu-202106101",
            "device_count": "1",
            "instance_count": "1",
            "instance_list": [
                {
                    "pod_name": "jobd778ec25-job-ma-pcn-npu-202106101-0",
                    "server_id": "192.168.0.128",
                    "devices": [
                        {
                            "device_id": "1",
                            "device_ip": "192.2.69.94"
                        }
                    ]
                }
            ]
        }
    ]
}
[Modelarts Service Log]2021-07-18 00:11:05,614 - INFO - Rank table file (C7x)
[Modelarts Service Log]2021-07-18 00:11:05,615 - INFO - 
{
    "status": "completed",
    "version": "1.0",
    "server_count": "1",
    "server_list": [
        {
            "server_id": "192.168.0.128",
            "device": [
                {
                    "device_id": "1",
                    "device_ip": "192.2.69.94",
                    "rank_id": "0"
                }
            ]
        }
    ]
}
[Modelarts Service Log]2021-07-18 00:11:05,615 - INFO - Rank table file (C7x) is generated
[Modelarts Service Log]2021-07-18 00:11:05,615 - INFO - Current server
[Modelarts Service Log]2021-07-18 00:11:05,615 - INFO - 
{
    "server_id": "192.168.0.128",
    "device": [
        {
            "device_id": "1",
            "device_ip": "192.2.69.94",
            "rank_id": "0"
        }
    ]
}
[Modelarts Service Log]2021-07-18 00:11:05,616 - INFO - bootstrap proc-rank-0-device-0
[Modelarts Service Log]2021-07-18 00:11:05,623 - INFO - proc-rank-0-device-0 (pid: 126)
Uninstalling enum34-1.1.10:
  Successfully uninstalled enum34-1.1.10
Looking in indexes: http://repo.myhuaweicloud.com/repository/pypi/simple
Collecting lmdb==0.97
  Downloading http://repo.myhuaweicloud.com/repository/pypi/packages/9f/8f/37cc080deb867305bf2d3ec4639e33b981d0def8d78949454a4654ca16bf/lmdb-0.97.tar.gz (869kB)
Building wheels for collected packages: lmdb
  Building wheel for lmdb (setup.py): started
  Building wheel for lmdb (setup.py): finished with status 'done'
  Created wheel for lmdb: filename=lmdb-0.97-cp37-cp37m-linux_aarch64.whl size=270183 sha256=80ed50b29b399c2492d0bd6fbbb3abca33e9f86dac13703de40d9c4dadab2144
  Stored in directory: /home/work/.cache/pip/wheels/9a/ce/6a/f9fda9565e0fa6a5e96a4c312a6171baf87b91bba0401846c4
Successfully built lmdb
Installing collected packages: lmdb
Successfully installed lmdb-0.97
Looking in indexes: http://repo.myhuaweicloud.com/repository/pypi/simple
Collecting pyarrow==4.0.0
  Downloading http://repo.myhuaweicloud.com/repository/pypi/packages/a3/8e/43fc8348b9f4845ede3b0c02bc2a6c2f6c59b8978eec65b02daaded45a21/pyarrow-4.0.0.tar.gz (710kB)
  Installing build dependencies: started
  Installing build dependencies: still running...
  Installing build dependencies: still running...
  Installing build dependencies: finished with status 'done'
  Getting requirements to build wheel: started
  Getting requirements to build wheel: finished with status 'done'
    Preparing wheel metadata: started
    Preparing wheel metadata: finished with status 'error'
    ERROR: Command errored out with exit status 1:
     command: /usr/local/ma/python3.7/bin/python3.7 /usr/local/ma/python3.7/lib/python3.7/site-packages/pip/_vendor/pep517/_in_process.py prepare_metadata_for_build_wheel /tmp/tmpzcz138zm
         cwd: /tmp/pip-install-vmep2x1t/pyarrow
    Complete output (42 lines):
    Traceback (most recent call last):
      File "/usr/local/ma/python3.7/lib/python3.7/site-packages/pip/_vendor/pep517/_in_process.py", line 207, in <module>
        main()
      File "/usr/local/ma/python3.7/lib/python3.7/site-packages/pip/_vendor/pep517/_in_process.py", line 197, in main
        json_out['return_val'] = hook(**hook_input['kwargs'])
      File "/usr/local/ma/python3.7/lib/python3.7/site-packages/pip/_vendor/pep517/_in_process.py", line 69, in prepare_metadata_for_build_wheel
        return hook(metadata_directory, config_settings)
      File "/tmp/pip-build-env-1v1nadfq/overlay/lib/python3.7/site-packages/setuptools/build_meta.py", line 166, in prepare_metadata_for_build_wheel
        self.run_setup()
      File "/tmp/pip-build-env-1v1nadfq/overlay/lib/python3.7/site-packages/setuptools/build_meta.py", line 259, in run_setup
        self).run_setup(setup_script=setup_script)
      File "/tmp/pip-build-env-1v1nadfq/overlay/lib/python3.7/site-packages/setuptools/build_meta.py", line 150, in run_setup
        exec(compile(code, __file__, 'exec'), locals())
      File "setup.py", line 627, in <module>
        url='https://arrow.apache.org/'
      File "/tmp/pip-build-env-1v1nadfq/overlay/lib/python3.7/site-packages/setuptools/__init__.py", line 153, in setup
        return distutils.core.setup(**attrs)
      File "/usr/local/ma/python3.7/lib/python3.7/distutils/core.py", line 108, in setup
        _setup_distribution = dist = klass(attrs)
      File "/tmp/pip-build-env-1v1nadfq/overlay/lib/python3.7/site-packages/setuptools/dist.py", line 456, in __init__
        k: v for k, v in attrs.items()
      File "/usr/local/ma/python3.7/lib/python3.7/distutils/dist.py", line 292, in __init__
        self.finalize_options()
      File "/tmp/pip-build-env-1v1nadfq/overlay/lib/python3.7/site-packages/setuptools/dist.py", line 807, in finalize_options
        ep(self)
      File "/tmp/pip-build-env-1v1nadfq/overlay/lib/python3.7/site-packages/setuptools/dist.py", line 814, in _finalize_setup_keywords
        ep.load()(self, ep.name, value)
      File "/tmp/pip-build-env-1v1nadfq/overlay/lib/python3.7/site-packages/setuptools_scm/integration.py", line 24, in version_keyword
        dist.metadata.version = _get_version(config)
      File "/tmp/pip-build-env-1v1nadfq/overlay/lib/python3.7/site-packages/setuptools_scm/__init__.py", line 173, in _get_version
        parsed_version = _do_parse(config)
      File "/tmp/pip-build-env-1v1nadfq/overlay/lib/python3.7/site-packages/setuptools_scm/__init__.py", line 119, in _do_parse
        parse_result = _call_entrypoint_fn(config.absolute_root, config, config.parse)
      File "/tmp/pip-build-env-1v1nadfq/overlay/lib/python3.7/site-packages/setuptools_scm/__init__.py", line 54, in _call_entrypoint_fn
        return fn(root)
      File "setup.py", line 546, in parse_git
        return parse(root, **kwargs)
      File "/tmp/pip-build-env-1v1nadfq/overlay/lib/python3.7/site-packages/setuptools_scm/git.py", line 115, in parse
        require_command("git")
      File "/tmp/pip-build-env-1v1nadfq/overlay/lib/python3.7/site-packages/setuptools_scm/utils.py", line 142, in require_command
        raise OSError("%r was not found" % name)
    OSError: 'git' was not found
    ----------------------------------------
ERROR: Command errored out with exit status 1: /usr/local/ma/python3.7/bin/python3.7 /usr/local/ma/python3.7/lib/python3.7/site-packages/pip/_vendor/pep517/_in_process.py prepare_metadata_for_build_wheel /tmp/tmpzcz138zm Check the logs for full command output.
Looking in indexes: http://repo.myhuaweicloud.com/repository/pypi/simple
Collecting tensorpack
  Downloading http://repo.myhuaweicloud.com/repository/pypi/packages/f9/8c/63e5f5a4a04dea36b75850f9daa885ccbfad64bec1fae0ee4ca9f31b3eaa/tensorpack-0.11-py2.py3-none-any.whl (296kB)
Collecting pyzmq>=16 (from tensorpack)
  Downloading http://repo.myhuaweicloud.com/repository/pypi/packages/a3/7a/561526861908d366ddc2764933a6090078654b0f2ff20c3c180dd5851554/pyzmq-22.0.3.tar.gz (1.2MB)
  Installing build dependencies: started
  Installing build dependencies: finished with status 'done'
  Getting requirements to build wheel: started
  Installing backend dependencies: started
  Installing backend dependencies: finished with status 'done'
    Preparing wheel metadata: started
    Preparing wheel metadata: finished with status 'done'
Requirement already satisfied: six in /usr/local/ma/python3.7/lib/python3.7/site-packages (from tensorpack) (1.15.0)
Requirement already satisfied: numpy>=1.14 in /usr/local/ma/python3.7/lib/python3.7/site-packages (from tensorpack) (1.17.5)
Requirement already satisfied: termcolor>=1.1 in /usr/local/ma/python3.7/lib/python3.7/site-packages (from tensorpack) (1.1.0)
Requirement already satisfied: tqdm>4.29.0 in /usr/local/ma/python3.7/lib/python3.7/site-packages (from tensorpack) (4.46.1)
Requirement already satisfied: psutil>=5 in /usr/local/ma/python3.7/lib/python3.7/site-packages (from tensorpack) (5.7.0)
Collecting msgpack>=0.5.2 (from tensorpack)
  Downloading http://repo.myhuaweicloud.com/repository/pypi/packages/59/04/87fc6708659c2ed3b0b6d4954f270b6e931def707b227c4554f99bd5401e/msgpack-1.0.2.tar.gz (123kB)
Collecting msgpack-numpy>=0.4.4.2 (from tensorpack)
  Downloading http://repo.myhuaweicloud.com/repository/pypi/packages/19/05/05b8d7c69c6abb36a34325cc3150089bdafc359f0a81fb998d93c5d5c737/msgpack_numpy-0.4.7.1-py2.py3-none-any.whl
Collecting tabulate>=0.7.7 (from tensorpack)
  Downloading http://repo.myhuaweicloud.com/repository/pypi/packages/ca/80/7c0cad11bd99985cfe7c09427ee0b4f9bd6b048bd13d4ffb32c6db237dfb/tabulate-0.8.9-py3-none-any.whl
Building wheels for collected packages: pyzmq
  Building wheel for pyzmq (PEP 517): started
  Building wheel for pyzmq (PEP 517): still running...
  Building wheel for pyzmq (PEP 517): finished with status 'done'
  Created wheel for pyzmq: filename=pyzmq-22.0.3-cp37-cp37m-linux_aarch64.whl size=6042550 sha256=70ec34956a863bbad2c6090a2099f5788a0b208c20b00a291f0f6b9530241309
  Stored in directory: /home/work/.cache/pip/wheels/b4/9f/a7/5b8a3feaa4f90246408e8a7e3e94b7a7167654a784c4f4a6f4
Successfully built pyzmq
Building wheels for collected packages: msgpack
  Building wheel for msgpack (setup.py): started
  Building wheel for msgpack (setup.py): finished with status 'done'
  Created wheel for msgpack: filename=msgpack-1.0.2-cp37-cp37m-linux_aarch64.whl size=224449 sha256=b8a776fe0db25764b161d279a63be362c89e5b150567117f9119a79a73d4b9cf
  Stored in directory: /home/work/.cache/pip/wheels/67/89/99/8886acf4cf40672c2fe8fa2c63661973741a3b9f3d117a6fa9
Successfully built msgpack
Installing collected packages: pyzmq, msgpack, msgpack-numpy, tabulate, tensorpack
Successfully installed msgpack-1.0.2 msgpack-numpy-0.4.7.1 pyzmq-22.0.3 tabulate-0.8.9 tensorpack-0.11
WARNING:tensorflow:From /usr/local/Ascend/tfplugin/latest/tfplugin/python/site-packages/npu_bridge/estimator/npu/npu_optimizer.py:225: The name tf.train.Optimizer is deprecated. Please use tf.compat.v1.train.Optimizer instead.
INFO:root:Using MoXing-v1.17.3-8aa951bc
INFO:root:Using OBS-Python-SDK-3.20.7
train.lmdb
WARNING:tensorflow:From /cache/user-job-dir/code/models/pcn_cd.py:45: The name tf.variable_scope is deprecated. Please use tf.compat.v1.variable_scope instead.
WARNING:tensorflow:From /cache/user-job-dir/code/models/pcn_cd.py:45: The name tf.variable_scope is deprecated. Please use tf.compat.v1.variable_scope instead.
WARNING:tensorflow:From /cache/user-job-dir/code/models/pcn_cd.py:45: The name tf.AUTO_REUSE is deprecated. Please use tf.compat.v1.AUTO_REUSE instead.
WARNING:tensorflow:From /cache/user-job-dir/code/models/pcn_cd.py:45: The name tf.AUTO_REUSE is deprecated. Please use tf.compat.v1.AUTO_REUSE instead.
WARNING:tensorflow:
The TensorFlow contrib module will not be included in TensorFlow 2.0.
For more information, please see:
  * https://github.com/tensorflow/community/blob/master/rfcs/20180907-contrib-sunset.md
  * https://github.com/tensorflow/addons
  * https://github.com/tensorflow/io (for I/O related ops)
If you depend on functionality not listed there, please file an issue.
WARNING:tensorflow:
The TensorFlow contrib module will not be included in TensorFlow 2.0.
For more information, please see:
  * https://github.com/tensorflow/community/blob/master/rfcs/20180907-contrib-sunset.md
  * https://github.com/tensorflow/addons
  * https://github.com/tensorflow/io (for I/O related ops)
If you depend on functionality not listed there, please file an issue.
s3://pcn/pcn_dataset/pcn/train.lmdb
Traceback (most recent call last):
  File "/home/work/user-job-dir/code/train.py", line 188, in <module>
    train(args)
  File "/home/work/user-job-dir/code/train.py", line 79, in train
    args.lmdb_train, args.batch_size, args.num_input_points, args.num_gt_points, is_training=True)
  File "/cache/user-job-dir/code/data_util.py", line 95, in lmdb_dataflow
    df = dataflow.LMDBSerializer.load(lmdb_path, shuffle=False)
  File "/usr/local/ma/python3.7/lib/python3.7/site-packages/tensorpack/dataflow/serialize.py", line 114, in load
    df = LMDBData(path, shuffle=shuffle)
  File "/usr/local/ma/python3.7/lib/python3.7/site-packages/tensorpack/dataflow/format.py", line 90, in __init__
    self._set_keys(keys)
  File "/usr/local/ma/python3.7/lib/python3.7/site-packages/tensorpack/dataflow/format.py", line 110, in _set_keys
    self.keys = loads(self.keys)
  File "/usr/local/ma/python3.7/lib/python3.7/site-packages/tensorpack/utils/serialize.py", line 93, in loads
    return pickle.loads(buf)
_pickle.UnpicklingError: invalid load key, '\xdd'.
[Modelarts Service Log]2021-07-18 00:17:19,013 - ERROR - proc-rank-0-device-0 (pid: 126) has exited with non-zero code: 1
[Modelarts Service Log]2021-07-18 00:17:19,014 - INFO - Begin destroy training processes
[Modelarts Service Log]2021-07-18 00:17:19,014 - INFO - proc-rank-0-device-0 (pid: 126) has exited
[Modelarts Service Log]2021-07-18 00:17:19,014 - INFO - End destroy training processes
[ModelArts Service Log]modelarts-pipe: total length: 14844
[Modelarts Service Log]Training end with return code: 1
[Modelarts Service Log]upload ascend-log to s3://pcn/MA-pcn_npu_20210610173506-06-17-15-30/log/ascend-log/ at 2021-07-18-00:17:19
upload_tail_log.py -l 2048 -o s3://pcn/MA-pcn_npu_20210610173506-06-17-15-30/log/ascend-log/
[Modelarts Service Log]upload ascend-log end at 2021-07-18-00:17:19
[Modelarts Service Log]Training end at 2021-07-18-00:17:19
[Modelarts Service Log]Training completed.
