[ModelArts Service Log]modelarts-pipe: will create log file /tmp/log/MA-pcn_npu_20210610173506-06-17-15-30.log
[ModelArts Service Log]modelarts-pipe: will create log file /tmp/log/MA-pcn_npu_20210610173506-06-17-15-30.log
[ModelArts Service Log]modelarts-pipe: will write log file /tmp/log/MA-pcn_npu_20210610173506-06-17-15-30.log
[ModelArts Service Log]modelarts-pipe: param for max log length: 1073741824
[ModelArts Service Log]modelarts-pipe: param for whether exit on overflow: 0
[ModelArts Service Log]modelarts-pipe: total length: 4484
do nothing
[Modelarts Service Log]user: uid=1101(work) gid=1101(work) groups=1101(work)
[Modelarts Service Log]pwd: /home/work
[Modelarts Service Log]app_url: s3://pcn/MA-pcn_npu_20210610173506-06-17-15-30/code/
[Modelarts Service Log]boot_file: code/train.py
[Modelarts Service Log]log_url: /tmp/log/MA-pcn_npu_20210610173506-06-17-15-30.log
[Modelarts Service Log]command: code/train.py --data_url=s3://pcn/pcn_dataset/pcn/ --train_url=s3://pcn/MA-pcn_npu_20210610173506-06-17-15-30/output/V0043/ --num_gpus=1
[Modelarts Service Log]MODELARTS_IPOIB_DEVICE: 
[Modelarts Service Log]dependencies_file_dir: /home/work/user-job-dir/code
[Modelarts Service Log][modelarts_create_log] modelarts-pipe found
[Modelarts Service Log]handle inputs of training job
INFO:root:Using MoXing-v1.17.1-47ce498c
INFO:root:Using OBS-Python-SDK-3.1.2
[ModelArts Service Log][INFO][2021/07/17 21:47:46]: env MA_INPUTS is not found, skip the inputs handler
INFO:root:Using MoXing-v1.17.1-47ce498c
INFO:root:Using OBS-Python-SDK-3.1.2
[ModelArts Service Log]2021-07-17 21:47:46,766 - modelarts-downloader.py[line:619] - INFO: Main: modelarts-downloader starting with Namespace(dst='./', recursive=True, skip_creating_dir=False, src='s3://pcn/MA-pcn_npu_20210610173506-06-17-15-30/code/', trace=False, type='common', verbose=False)
/home/work/user-job-dir
[Modelarts Service Log][modelarts_logger] modelarts-pipe found
DEPRECATION: Python 2.7 reached the end of its life on January 1st, 2020. Please upgrade your Python as Python 2.7 is no longer maintained. A future version of pip will drop support for Python 2.7. More details about Python 2 support in pip, can be found at https://pip.pypa.io/en/latest/development/release-process/#python-2-support
Found existing installation: enum34 1.1.6
Uninstalling enum34-1.1.6:
  Successfully uninstalled enum34-1.1.6
DEPRECATION: Python 2.7 reached the end of its life on January 1st, 2020. Please upgrade your Python as Python 2.7 is no longer maintained. A future version of pip will drop support for Python 2.7. More details about Python 2 support in pip, can be found at https://pip.pypa.io/en/latest/development/release-process/#python-2-support
Looking in indexes: http://repo.myhuaweicloud.com/repository/pypi/simple
Collecting lmdb==0.97
  Downloading http://repo.myhuaweicloud.com/repository/pypi/packages/9f/8f/37cc080deb867305bf2d3ec4639e33b981d0def8d78949454a4654ca16bf/lmdb-0.97.tar.gz (869 kB)
Building wheels for collected packages: lmdb
  Building wheel for lmdb (setup.py): started
  Building wheel for lmdb (setup.py): finished with status 'done'
  Created wheel for lmdb: filename=lmdb-0.97-cp27-cp27mu-linux_x86_64.whl size=256813 sha256=2b90bd157d551ba66e3eb3affd8181bff4c33df073692f80c948c7d3da9f1a25
  Stored in directory: /home/work/.cache/pip/wheels/bd/62/ef/fbeac8df2cedf35d4b30154cc285033d068ca6676cd23b5f63
Successfully built lmdb
Installing collected packages: lmdb
  Attempting uninstall: lmdb
    Found existing installation: lmdb 0.94
    Uninstalling lmdb-0.94:
      Successfully uninstalled lmdb-0.94
Successfully installed lmdb-0.97
WARNING: You are using pip version 20.0.2; however, version 20.3.4 is available.
You should consider upgrading via the '/home/work/anaconda2/bin/python -m pip install --upgrade pip' command.
DEPRECATION: Python 2.7 reached the end of its life on January 1st, 2020. Please upgrade your Python as Python 2.7 is no longer maintained. A future version of pip will drop support for Python 2.7. More details about Python 2 support in pip, can be found at https://pip.pypa.io/en/latest/development/release-process/#python-2-support
Looking in indexes: http://repo.myhuaweicloud.com/repository/pypi/simple
Requirement already satisfied: tensorpack in /home/work/anaconda2/lib/python2.7/site-packages (0.8.8)
Requirement already satisfied: pyzmq>=16 in /home/work/anaconda2/lib/python2.7/site-packages (from tensorpack) (17.0.0)
Requirement already satisfied: tabulate>=0.7.7 in /home/work/anaconda2/lib/python2.7/site-packages (from tensorpack) (0.8.7)
Requirement already satisfied: subprocess32; python_version < "3.0" in /home/work/anaconda2/lib/python2.7/site-packages (from tensorpack) (3.2.7)
Requirement already satisfied: numpy>=1.14 in /home/work/anaconda2/lib/python2.7/site-packages (from tensorpack) (1.16.2)
Requirement already satisfied: tqdm>4.11.1 in /home/work/anaconda2/lib/python2.7/site-packages (from tensorpack) (4.45.0)
Requirement already satisfied: six in /home/work/anaconda2/lib/python2.7/site-packages (from tensorpack) (1.11.0)
Requirement already satisfied: termcolor>=1.1 in /home/work/anaconda2/lib/python2.7/site-packages (from tensorpack) (1.1.0)
Requirement already satisfied: functools32; python_version < "3.0" in /home/work/anaconda2/lib/python2.7/site-packages (from tensorpack) (3.2.3.post2)
Requirement already satisfied: pyarrow>=0.9.0 in /home/work/anaconda2/lib/python2.7/site-packages (from tensorpack) (0.16.0)
Requirement already satisfied: futures; python_version < "3.2" in /home/work/anaconda2/lib/python2.7/site-packages (from pyarrow>=0.9.0->tensorpack) (3.1.1)
Collecting enum34>=1.1.6; python_version < "3.4"
  Downloading http://repo.myhuaweicloud.com/repository/pypi/packages/6f/2c/a9386903ece2ea85e9807e0e062174dc26fdce8b05f216d00491be29fad5/enum34-1.1.10-py2-none-any.whl (11 kB)
Installing collected packages: enum34
Successfully installed enum34-1.1.10
WARNING: You are using pip version 20.0.2; however, version 20.3.4 is available.
You should consider upgrading via the '/home/work/anaconda2/bin/python -m pip install --upgrade pip' command.
Traceback (most recent call last):
  File "code/train.py", line 37, in <module>
    from data_util import lmdb_dataflow, get_queued_data
  File "/cache/user-job-dir/code/data_util.py", line 24, in <module>
    from npu_bridge.npu_init import *
ImportError: No module named npu_bridge.npu_init
[Modelarts Service Log]Training end with return code: 1
[Modelarts Service Log]Training completed.
