do nothing
[Modelarts Service Log]user: uid=1101(work) gid=1101(work) groups=1101(work),1000(HwHiAiUser)
[Modelarts Service Log]pwd: /home/work
[Modelarts Service Log]app_url: s3://pcn/MA-pcn_npu_20210610173506-06-17-15-30/code/
[Modelarts Service Log]boot_file: code/train.py
[Modelarts Service Log]log_url: /tmp/log/MA-pcn_npu_20210610173506-06-17-15-30.log
[Modelarts Service Log]command: code/train.py --data_url=s3://pcn/pcn_dataset/pcn/ --train_url=s3://pcn/MA-pcn_npu_20210610173506-06-17-15-30/output/V0047/
[Modelarts Service Log]local_code_dir: 
[Modelarts Service Log]Training start at 2021-07-17-23:23:46
[Modelarts Service Log][modelarts_create_log] modelarts-pipe found
[ModelArts Service Log]modelarts-pipe: will create log file /tmp/log/MA-pcn_npu_20210610173506-06-17-15-30.log
[Modelarts Service Log]handle inputs of training job
INFO:root:Using MoXing-v1.17.3-8aa951bc
INFO:root:Using OBS-Python-SDK-3.20.7
[ModelArts Service Log][INFO][2021/07/17 23:23:46]: env MA_INPUTS is not found, skip the inputs handler
INFO:root:Using MoXing-v1.17.3-8aa951bc
INFO:root:Using OBS-Python-SDK-3.20.7
[ModelArts Service Log]2021-07-17 23:23:47,595 - modelarts-downloader.py[line:620] - INFO: Main: modelarts-downloader starting with Namespace(dst='./', recursive=True, skip_creating_dir=False, src='s3://pcn/MA-pcn_npu_20210610173506-06-17-15-30/code/', trace=False, type='common', verbose=False)
[Modelarts Service Log][modelarts_logger] modelarts-pipe found
[ModelArts Service Log]modelarts-pipe: will create log file /tmp/log/MA-pcn_npu_20210610173506-06-17-15-30.log
[ModelArts Service Log]modelarts-pipe: will write log file /tmp/log/MA-pcn_npu_20210610173506-06-17-15-30.log
[ModelArts Service Log]modelarts-pipe: param for max log length: 1073741824
[ModelArts Service Log]modelarts-pipe: param for whether exit on overflow: 0
[ModelArts Service Log]modelarts-pipe: total length: 24
/home/work/user-job-dir
[Modelarts Service Log][modelarts_logger] modelarts-pipe found
[ModelArts Service Log]modelarts-pipe: will create log file /tmp/log/MA-pcn_npu_20210610173506-06-17-15-30.log
[ModelArts Service Log]modelarts-pipe: will write log file /tmp/log/MA-pcn_npu_20210610173506-06-17-15-30.log
[ModelArts Service Log]modelarts-pipe: param for max log length: 1073741824
[ModelArts Service Log]modelarts-pipe: param for whether exit on overflow: 0
INFO:root:Using MoXing-v1.17.3-8aa951bc
INFO:root:Using OBS-Python-SDK-3.20.7
[Modelarts Service Log]2021-07-17 23:23:49,083 - WARNING - stdout log /var/log/batch-task/job596e7f32/job-ma-pcn-npu-202106101/stdout.log is not found
[Modelarts Service Log]2021-07-17 23:23:49,093 - INFO - Ascend Driver: Version=20.2.0
[Modelarts Service Log]2021-07-17 23:23:49,094 - INFO - you are advised to use ASCEND_DEVICE_ID env instead of DEVICE_ID, as the DEVICE_ID env will be discarded in later versions
[Modelarts Service Log]2021-07-17 23:23:49,094 - INFO - particularly, ${ASCEND_DEVICE_ID} == ${DEVICE_ID}, it's the logical device id
[Modelarts Service Log]2021-07-17 23:23:49,094 - INFO - Davinci training command
[Modelarts Service Log]2021-07-17 23:23:49,094 - INFO - ['/usr/bin/python', '/home/work/user-job-dir/code/train.py', '--data_url=s3://pcn/pcn_dataset/pcn/', '--train_url=s3://pcn/MA-pcn_npu_20210610173506-06-17-15-30/output/V0047/']
[Modelarts Service Log]2021-07-17 23:23:49,094 - INFO - Wait for Rank table file ready
[Modelarts Service Log]2021-07-17 23:23:49,094 - INFO - Rank table file (K8S generated) is ready for read
[Modelarts Service Log]2021-07-17 23:23:49,094 - INFO - 
{
    "status": "completed",
    "group_count": "1",
    "group_list": [
        {
            "group_name": "job-ma-pcn-npu-202106101",
            "device_count": "1",
            "instance_count": "1",
            "instance_list": [
                {
                    "pod_name": "job596e7f32-job-ma-pcn-npu-202106101-0",
                    "server_id": "192.168.0.136",
                    "devices": [
                        {
                            "device_id": "0",
                            "device_ip": "192.1.225.163"
                        }
                    ]
                }
            ]
        }
    ]
}
[Modelarts Service Log]2021-07-17 23:23:49,095 - INFO - Rank table file (C7x)
[Modelarts Service Log]2021-07-17 23:23:49,095 - INFO - 
{
    "status": "completed",
    "version": "1.0",
    "server_count": "1",
    "server_list": [
        {
            "server_id": "192.168.0.136",
            "device": [
                {
                    "device_id": "0",
                    "device_ip": "192.1.225.163",
                    "rank_id": "0"
                }
            ]
        }
    ]
}
[Modelarts Service Log]2021-07-17 23:23:49,095 - INFO - Rank table file (C7x) is generated
[Modelarts Service Log]2021-07-17 23:23:49,096 - INFO - Current server
[Modelarts Service Log]2021-07-17 23:23:49,096 - INFO - 
{
    "server_id": "192.168.0.136",
    "device": [
        {
            "device_id": "0",
            "device_ip": "192.1.225.163",
            "rank_id": "0"
        }
    ]
}
[Modelarts Service Log]2021-07-17 23:23:49,096 - INFO - bootstrap proc-rank-0-device-0
[Modelarts Service Log]2021-07-17 23:23:49,106 - INFO - proc-rank-0-device-0 (pid: 115)
Uninstalling enum34-1.1.10:
  Successfully uninstalled enum34-1.1.10
Looking in indexes: http://repo.myhuaweicloud.com/repository/pypi/simple
Collecting lmdb==0.97
  Downloading http://repo.myhuaweicloud.com/repository/pypi/packages/9f/8f/37cc080deb867305bf2d3ec4639e33b981d0def8d78949454a4654ca16bf/lmdb-0.97.tar.gz (869kB)
Building wheels for collected packages: lmdb
  Building wheel for lmdb (setup.py): started
  Building wheel for lmdb (setup.py): finished with status 'done'
  Created wheel for lmdb: filename=lmdb-0.97-cp37-cp37m-linux_aarch64.whl size=270181 sha256=1384e10a12c7f1c49292e78448c8133e3eb504ad98865a2e0021b9a86fa8b8a7
  Stored in directory: /home/work/.cache/pip/wheels/9a/ce/6a/f9fda9565e0fa6a5e96a4c312a6171baf87b91bba0401846c4
Successfully built lmdb
Installing collected packages: lmdb
Successfully installed lmdb-0.97
Looking in indexes: http://repo.myhuaweicloud.com/repository/pypi/simple
Collecting pyarrow==0.9.0
  Downloading http://repo.myhuaweicloud.com/repository/pypi/packages/be/2d/11751c477e4e7f4bb07ac7584aafabe0d0608c170e4bff67246d695ebdbe/pyarrow-0.9.0.tar.gz (8.5MB)
