do nothing
[Modelarts Service Log]user: uid=1101(work) gid=1101(work) groups=1101(work),1000(HwHiAiUser)
[Modelarts Service Log]pwd: /home/work
[Modelarts Service Log]app_url: s3://pcn/MA-pcn_npu_20210610173506-06-17-15-30/code/
[Modelarts Service Log]boot_file: code/train.py
[Modelarts Service Log]log_url: /tmp/log/MA-pcn_npu_20210610173506-06-17-15-30.log
[Modelarts Service Log]command: code/train.py --data_url=s3://pcn/pcn_dataset/pcn/ --train_url=s3://pcn/MA-pcn_npu_20210610173506-06-17-15-30/output/V0031/
[Modelarts Service Log]local_code_dir: 
[Modelarts Service Log]Training start at 2021-07-14-23:04:10
[Modelarts Service Log][modelarts_create_log] modelarts-pipe found
[ModelArts Service Log]modelarts-pipe: will create log file /tmp/log/MA-pcn_npu_20210610173506-06-17-15-30.log
[Modelarts Service Log]handle inputs of training job
INFO:root:Using MoXing-v1.17.3-8aa951bc
INFO:root:Using OBS-Python-SDK-3.20.7
[ModelArts Service Log][INFO][2021/07/14 23:04:10]: env MA_INPUTS is not found, skip the inputs handler
INFO:root:Using MoXing-v1.17.3-8aa951bc
INFO:root:Using OBS-Python-SDK-3.20.7
[ModelArts Service Log]2021-07-14 23:04:11,721 - modelarts-downloader.py[line:620] - INFO: Main: modelarts-downloader starting with Namespace(dst='./', recursive=True, skip_creating_dir=False, src='s3://pcn/MA-pcn_npu_20210610173506-06-17-15-30/code/', trace=False, type='common', verbose=False)
[Modelarts Service Log][modelarts_logger] modelarts-pipe found
[ModelArts Service Log]modelarts-pipe: will create log file /tmp/log/MA-pcn_npu_20210610173506-06-17-15-30.log
[ModelArts Service Log]modelarts-pipe: will write log file /tmp/log/MA-pcn_npu_20210610173506-06-17-15-30.log
[ModelArts Service Log]modelarts-pipe: param for max log length: 1073741824
[ModelArts Service Log]modelarts-pipe: param for whether exit on overflow: 0
[ModelArts Service Log]modelarts-pipe: total length: 24
/home/work/user-job-dir
[Modelarts Service Log][modelarts_logger] modelarts-pipe found
[ModelArts Service Log]modelarts-pipe: will create log file /tmp/log/MA-pcn_npu_20210610173506-06-17-15-30.log
[ModelArts Service Log]modelarts-pipe: will write log file /tmp/log/MA-pcn_npu_20210610173506-06-17-15-30.log
[ModelArts Service Log]modelarts-pipe: param for max log length: 1073741824
[ModelArts Service Log]modelarts-pipe: param for whether exit on overflow: 0
INFO:root:Using MoXing-v1.17.3-8aa951bc
INFO:root:Using OBS-Python-SDK-3.20.7
[Modelarts Service Log]2021-07-14 23:04:13,321 - WARNING - stdout log /var/log/batch-task/job5fa79079/job-ma-pcn-npu-202106101/stdout.log is not found
[Modelarts Service Log]2021-07-14 23:04:13,331 - INFO - Ascend Driver: Version=20.2.0
[Modelarts Service Log]2021-07-14 23:04:13,332 - INFO - you are advised to use ASCEND_DEVICE_ID env instead of DEVICE_ID, as the DEVICE_ID env will be discarded in later versions
[Modelarts Service Log]2021-07-14 23:04:13,332 - INFO - particularly, ${ASCEND_DEVICE_ID} == ${DEVICE_ID}, it's the logical device id
[Modelarts Service Log]2021-07-14 23:04:13,332 - INFO - Davinci training command
[Modelarts Service Log]2021-07-14 23:04:13,332 - INFO - ['/usr/bin/python', '/home/work/user-job-dir/code/train.py', '--data_url=s3://pcn/pcn_dataset/pcn/', '--train_url=s3://pcn/MA-pcn_npu_20210610173506-06-17-15-30/output/V0031/']
[Modelarts Service Log]2021-07-14 23:04:13,332 - INFO - Wait for Rank table file ready
[Modelarts Service Log]2021-07-14 23:04:13,333 - INFO - Rank table file (K8S generated) is ready for read
[Modelarts Service Log]2021-07-14 23:04:13,333 - INFO - 
{
    "status": "completed",
    "group_count": "1",
    "group_list": [
        {
            "group_name": "job-ma-pcn-npu-202106101",
            "device_count": "1",
            "instance_count": "1",
            "instance_list": [
                {
                    "pod_name": "job5fa79079-job-ma-pcn-npu-202106101-0",
                    "server_id": "192.168.0.136",
                    "devices": [
                        {
                            "device_id": "6",
                            "device_ip": "192.3.179.125"
                        }
                    ]
                }
            ]
        }
    ]
}
[Modelarts Service Log]2021-07-14 23:04:13,333 - INFO - Rank table file (C7x)
[Modelarts Service Log]2021-07-14 23:04:13,333 - INFO - 
{
    "status": "completed",
    "version": "1.0",
    "server_count": "1",
    "server_list": [
        {
            "server_id": "192.168.0.136",
            "device": [
                {
                    "device_id": "6",
                    "device_ip": "192.3.179.125",
                    "rank_id": "0"
                }
            ]
        }
    ]
}
[Modelarts Service Log]2021-07-14 23:04:13,334 - INFO - Rank table file (C7x) is generated
[Modelarts Service Log]2021-07-14 23:04:13,334 - INFO - Current server
[Modelarts Service Log]2021-07-14 23:04:13,334 - INFO - 
{
    "server_id": "192.168.0.136",
    "device": [
        {
            "device_id": "6",
            "device_ip": "192.3.179.125",
            "rank_id": "0"
        }
    ]
}
[Modelarts Service Log]2021-07-14 23:04:13,335 - INFO - bootstrap proc-rank-0-device-0
[Modelarts Service Log]2021-07-14 23:04:13,344 - INFO - proc-rank-0-device-0 (pid: 115)
Uninstalling enum34-1.1.10:
  Successfully uninstalled enum34-1.1.10
We trust you have received the usual lecture from the local System
Administrator. It usually boils down to these three things:
    #1) Respect the privacy of others.
    #2) Think before you type.
    #3) With great power comes great responsibility.
sudo: no tty present and no askpass program specified

We trust you have received the usual lecture from the local System
Administrator. It usually boils down to these three things:
    #1) Respect the privacy of others.
    #2) Think before you type.
    #3) With great power comes great responsibility.
sudo: no tty present and no askpass program specified

We trust you have received the usual lecture from the local System
Administrator. It usually boils down to these three things:
    #1) Respect the privacy of others.
    #2) Think before you type.
    #3) With great power comes great responsibility.
sudo: no tty present and no askpass program specified
Looking in indexes: http://repo.myhuaweicloud.com/repository/pypi/simple
Collecting tensorpack==0.8.9
  Downloading http://repo.myhuaweicloud.com/repository/pypi/packages/e0/d0/8df08216e6703ddd1b9f1274a52cfa333834220b85733d36577747efa6c9/tensorpack-0.8.9-py2.py3-none-any.whl (254kB)
Requirement already satisfied: numpy>=1.14 in /usr/local/ma/python3.7/lib/python3.7/site-packages (from tensorpack==0.8.9) (1.17.5)
Collecting tabulate>=0.7.7 (from tensorpack==0.8.9)
  Downloading http://repo.myhuaweicloud.com/repository/pypi/packages/ca/80/7c0cad11bd99985cfe7c09427ee0b4f9bd6b048bd13d4ffb32c6db237dfb/tabulate-0.8.9-py3-none-any.whl
Requirement already satisfied: six in /usr/local/ma/python3.7/lib/python3.7/site-packages (from tensorpack==0.8.9) (1.15.0)
Collecting pyzmq>=16 (from tensorpack==0.8.9)
  Downloading http://repo.myhuaweicloud.com/repository/pypi/packages/a3/7a/561526861908d366ddc2764933a6090078654b0f2ff20c3c180dd5851554/pyzmq-22.0.3.tar.gz (1.2MB)
  Installing build dependencies: started
  Installing build dependencies: finished with status 'done'
  Getting requirements to build wheel: started
  Getting requirements to build wheel: finished with status 'done'
  Installing backend dependencies: started
  Installing backend dependencies: finished with status 'done'
    Preparing wheel metadata: started
    Preparing wheel metadata: finished with status 'done'
Requirement already satisfied: termcolor>=1.1 in /usr/local/ma/python3.7/lib/python3.7/site-packages (from tensorpack==0.8.9) (1.1.0)
Collecting pyarrow>=0.9.0 (from tensorpack==0.8.9)
  Downloading http://repo.myhuaweicloud.com/repository/pypi/packages/a3/8e/43fc8348b9f4845ede3b0c02bc2a6c2f6c59b8978eec65b02daaded45a21/pyarrow-4.0.0.tar.gz (710kB)
  Installing build dependencies: started
